-------------------------------------------------------------------------------
Test set: com.athentication.oauth2.AuthtenticationOauthApplicationTests
-------------------------------------------------------------------------------
Tests run: 1, Failures: 0, Errors: 1, Skipped: 0, Time elapsed: 9.322 s <<< FAILURE! - in com.athentication.oauth2.AuthtenticationOauthApplicationTests
contextLoads  Time elapsed: 0.001 s  <<< ERROR!
java.lang.IllegalStateException: Failed to load ApplicationContext
Caused by: org.springframework.beans.factory.BeanCreationException: Error creating bean with name 'webSecurityConfig': Injection of autowired dependencies failed; nested exception is java.lang.StackOverflowError
Caused by: java.lang.StackOverflowError

