<?xml version="1.0" encoding="UTF-8"?>
<testsuite xmlns:xsi="http://www.w3.org/2001/XMLSchema-instance" xsi:noNamespaceSchemaLocation="https://maven.apache.org/surefire/maven-surefire-plugin/xsd/surefire-test-report.xsd" name="com.athentication.oauth2.AuthtenticationOauthApplicationTests" time="9.322" tests="1" errors="1" skipped="0" failures="0">
  <properties>
[...]
</properties>
  <testcase name="contextLoads" classname="com.athentication.oauth2.AuthtenticationOauthApplicationTests" time="0.001">
    <error message="Failed to load ApplicationContext" type="java.lang.IllegalStateException">java.lang.IllegalStateException: Failed to load ApplicationContext
Caused by: org.springframework.beans.factory.BeanCreationException: Error creating bean with name 'webSecurityConfig': Injection of autowired dependencies failed; nested exception is java.lang.StackOverflowError
Caused by: java.lang.StackOverflowError
</error>
    <system-out><![CDATA[19:27:22.724 [main] DEBUG org.springframework.test.context.BootstrapUtils - Instantiating CacheAwareContextLoaderDelegate from class [org.springframework.test.context.cache.DefaultCacheAwareContextLoaderDelegate]
19:27:22.796 [main] DEBUG org.springframework.test.context.BootstrapUtils - Instantiating BootstrapContext using constructor [public org.springframework.test.context.support.DefaultBootstrapContext(java.lang.Class,org.springframework.test.context.CacheAwareContextLoaderDelegate)]
19:27:22.907 [main] DEBUG org.springframework.test.context.BootstrapUtils - Instantiating TestContextBootstrapper for test class [com.athentication.oauth2.AuthtenticationOauthApplicationTests] from class [org.springframework.boot.test.context.SpringBootTestContextBootstrapper]
19:27:22.962 [main] INFO org.springframework.boot.test.context.SpringBootTestContextBootstrapper - Neither @ContextConfiguration nor @ContextHierarchy found for test class [com.athentication.oauth2.AuthtenticationOauthApplicationTests], using SpringBootContextLoader
19:27:22.975 [main] DEBUG org.springframework.test.context.support.AbstractContextLoader - Did not detect default resource location for test class [com.athentication.oauth2.AuthtenticationOauthApplicationTests]: class path resource [com/athentication/oauth2/AuthtenticationOauthApplicationTests-context.xml] does not exist
19:27:22.979 [main] DEBUG org.springframework.test.context.support.AbstractContextLoader - Did not detect default resource location for test class [com.athentication.oauth2.AuthtenticationOauthApplicationTests]: class path resource [com/athentication/oauth2/AuthtenticationOauthApplicationTestsContext.groovy] does not exist
19:27:22.979 [main] INFO org.springframework.test.context.support.AbstractContextLoader - Could not detect default resource locations for test class [com.athentication.oauth2.AuthtenticationOauthApplicationTests]: no resource found for suffixes {-context.xml, Context.groovy}.
19:27:22.980 [main] INFO org.springframework.test.context.support.AnnotationConfigContextLoaderUtils - Could not detect default configuration classes for test class [com.athentication.oauth2.AuthtenticationOauthApplicationTests]: AuthtenticationOauthApplicationTests does not declare any static, non-private, non-final, nested classes annotated with @Configuration.
19:27:23.321 [main] DEBUG org.springframework.test.context.support.ActiveProfilesUtils - Could not find an 'annotation declaring class' for annotation type [org.springframework.test.context.ActiveProfiles] and class [com.athentication.oauth2.AuthtenticationOauthApplicationTests]
19:27:23.596 [main] DEBUG org.springframework.context.annotation.ClassPathScanningCandidateComponentProvider - Identified candidate component class: file [C:\Users\HOME\workspace\Authtentication-Oauth\target\classes\com\athentication\oauth2\AuthtenticationOauthApplication.class]
19:27:23.600 [main] INFO org.springframework.boot.test.context.SpringBootTestContextBootstrapper - Found @SpringBootConfiguration com.athentication.oauth2.AuthtenticationOauthApplication for test class com.athentication.oauth2.AuthtenticationOauthApplicationTests
19:27:24.227 [main] DEBUG org.springframework.boot.test.context.SpringBootTestContextBootstrapper - @TestExecutionListeners is not present for class [com.athentication.oauth2.AuthtenticationOauthApplicationTests]: using defaults.
19:27:24.228 [main] INFO org.springframework.boot.test.context.SpringBootTestContextBootstrapper - Loaded default TestExecutionListener class names from location [META-INF/spring.factories]: [org.springframework.boot.test.mock.mockito.MockitoTestExecutionListener, org.springframework.boot.test.mock.mockito.ResetMocksTestExecutionListener, org.springframework.boot.test.autoconfigure.restdocs.RestDocsTestExecutionListener, org.springframework.boot.test.autoconfigure.web.client.MockRestServiceServerResetTestExecutionListener, org.springframework.boot.test.autoconfigure.web.servlet.MockMvcPrintOnlyOnFailureTestExecutionListener, org.springframework.boot.test.autoconfigure.web.servlet.WebDriverTestExecutionListener, org.springframework.test.context.web.ServletTestExecutionListener, org.springframework.test.context.support.DirtiesContextBeforeModesTestExecutionListener, org.springframework.test.context.support.DependencyInjectionTestExecutionListener, org.springframework.test.context.support.DirtiesContextTestExecutionListener, org.springframework.test.context.transaction.TransactionalTestExecutionListener, org.springframework.test.context.jdbc.SqlScriptsTestExecutionListener, org.springframework.test.context.event.EventPublishingTestExecutionListener, org.springframework.security.test.context.support.WithSecurityContextTestExecutionListener, org.springframework.security.test.context.support.ReactorContextTestExecutionListener]
19:27:24.290 [main] DEBUG org.springframework.boot.test.context.SpringBootTestContextBootstrapper - Skipping candidate TestExecutionListener [org.springframework.test.context.transaction.TransactionalTestExecutionListener] due to a missing dependency. Specify custom listener classes or make the default listener classes and their required dependencies available. Offending class: [org/springframework/transaction/interceptor/TransactionAttributeSource]
19:27:24.292 [main] DEBUG org.springframework.boot.test.context.SpringBootTestContextBootstrapper - Skipping candidate TestExecutionListener [org.springframework.test.context.jdbc.SqlScriptsTestExecutionListener] due to a missing dependency. Specify custom listener classes or make the default listener classes and their required dependencies available. Offending class: [org/springframework/transaction/interceptor/TransactionAttribute]
19:27:24.296 [main] INFO org.springframework.boot.test.context.SpringBootTestContextBootstrapper - Using TestExecutionListeners: [org.springframework.test.context.web.ServletTestExecutionListener@1437611, org.springframework.test.context.support.DirtiesContextBeforeModesTestExecutionListener@10aac89, org.springframework.boot.test.mock.mockito.MockitoTestExecutionListener@5920df, org.springframework.boot.test.autoconfigure.SpringBootDependencyInjectionTestExecutionListener@1f9d882, org.springframework.test.context.support.DirtiesContextTestExecutionListener@1e4c792, org.springframework.test.context.event.EventPublishingTestExecutionListener@16a42c3, org.springframework.security.test.context.support.WithSecurityContextTestExecutionListener@60d6e9, org.springframework.security.test.context.support.ReactorContextTestExecutionListener@1043a2f, org.springframework.boot.test.mock.mockito.ResetMocksTestExecutionListener@83a74a, org.springframework.boot.test.autoconfigure.restdocs.RestDocsTestExecutionListener@1349883, org.springframework.boot.test.autoconfigure.web.client.MockRestServiceServerResetTestExecutionListener@129d1d2, org.springframework.boot.test.autoconfigure.web.servlet.MockMvcPrintOnlyOnFailureTestExecutionListener@1485fda, org.springframework.boot.test.autoconfigure.web.servlet.WebDriverTestExecutionListener@261e8e]
19:27:24.306 [main] DEBUG org.springframework.test.context.support.AbstractDirtiesContextTestExecutionListener - Before test class: context [DefaultTestContext@2c3d18 testClass = AuthtenticationOauthApplicationTests, testInstance = [null], testMethod = [null], testException = [null], mergedContextConfiguration = [WebMergedContextConfiguration@b4893b testClass = AuthtenticationOauthApplicationTests, locations = '{}', classes = '{class com.athentication.oauth2.AuthtenticationOauthApplication}', contextInitializerClasses = '[]', activeProfiles = '{}', propertySourceLocations = '{}', propertySourceProperties = '{org.springframework.boot.test.context.SpringBootTestContextBootstrapper=true}', contextCustomizers = set[org.springframework.boot.test.context.filter.ExcludeFilterContextCustomizer@e5aa72, org.springframework.boot.test.json.DuplicateJsonObjectContextCustomizerFactory$DuplicateJsonObjectContextCustomizer@293aa2, org.springframework.boot.test.mock.mockito.MockitoContextCustomizer@0, org.springframework.boot.test.web.client.TestRestTemplateContextCustomizer@33f1a9, org.springframework.boot.test.autoconfigure.properties.PropertyMappingContextCustomizer@0, org.springframework.boot.test.autoconfigure.web.servlet.WebDriverContextCustomizerFactory$Customizer@9bf450], resourceBasePath = 'src/main/webapp', contextLoader = 'org.springframework.boot.test.context.SpringBootContextLoader', parent = [null]], attributes = map['org.springframework.test.context.web.ServletTestExecutionListener.activateListener' -> true]], class annotated with @DirtiesContext [false] with mode [null].
19:27:24.649 [main] DEBUG org.springframework.test.context.support.TestPropertySourceUtils - Adding inlined properties to environment: {spring.jmx.enabled=false, org.springframework.boot.test.context.SpringBootTestContextBootstrapper=true, server.port=-1}

  .   ____          _            __ _ _
 /\\ / ___'_ __ _ _(_)_ __  __ _ \ \ \ \
( ( )\___ | '_ | '_| | '_ \/ _` | \ \ \ \
 \\/  ___)| |_)| | | | | || (_| |  ) ) ) )
  '  |____| .__|_| |_|_| |_\__, | / / / /
 =========|_|==============|___/=/_/_/_/
 :: Spring Boot ::        (v2.2.5.RELEASE)

2020-03-01 19:27:25.687  INFO 4984 --- [           main] a.o.AuthtenticationOauthApplicationTests : Starting AuthtenticationOauthApplicationTests on Home with PID 4984 (started by HOME in C:\Users\HOME\workspace\Authtentication-Oauth)
2020-03-01 19:27:25.689  INFO 4984 --- [           main] a.o.AuthtenticationOauthApplicationTests : No active profile set, falling back to default profiles: default
2020-03-01 19:27:28.938  INFO 4984 --- [           main] trationDelegate$BeanPostProcessorChecker : Bean 'org.springframework.security.config.annotation.configuration.ObjectPostProcessorConfiguration' of type [org.springframework.security.config.annotation.configuration.ObjectPostProcessorConfiguration] is not eligible for getting processed by all BeanPostProcessors (for example: not eligible for auto-proxying)
2020-03-01 19:27:28.955  INFO 4984 --- [           main] trationDelegate$BeanPostProcessorChecker : Bean 'objectPostProcessor' of type [org.springframework.security.config.annotation.configuration.AutowireBeanFactoryObjectPostProcessor] is not eligible for getting processed by all BeanPostProcessors (for example: not eligible for auto-proxying)
2020-03-01 19:27:28.957  INFO 4984 --- [           main] trationDelegate$BeanPostProcessorChecker : Bean 'org.springframework.security.access.expression.method.DefaultMethodSecurityExpressionHandler@1de9d54' of type [org.springframework.security.access.expression.method.DefaultMethodSecurityExpressionHandler] is not eligible for getting processed by all BeanPostProcessors (for example: not eligible for auto-proxying)
2020-03-01 19:27:28.973  INFO 4984 --- [           main] trationDelegate$BeanPostProcessorChecker : Bean 'org.springframework.security.config.annotation.method.configuration.GlobalMethodSecurityConfiguration' of type [org.springframework.security.config.annotation.method.configuration.GlobalMethodSecurityConfiguration] is not eligible for getting processed by all BeanPostProcessors (for example: not eligible for auto-proxying)
2020-03-01 19:27:29.008  INFO 4984 --- [           main] trationDelegate$BeanPostProcessorChecker : Bean 'methodSecurityMetadataSource' of type [org.springframework.security.access.method.DelegatingMethodSecurityMetadataSource] is not eligible for getting processed by all BeanPostProcessors (for example: not eligible for auto-proxying)
2020-03-01 19:27:30.173  WARN 4984 --- [           main] o.s.w.c.s.GenericWebApplicationContext   : Exception encountered during context initialization - cancelling refresh attempt: org.springframework.beans.factory.BeanCreationException: Error creating bean with name 'webSecurityConfig': Injection of autowired dependencies failed; nested exception is java.lang.StackOverflowError
2020-03-01 19:27:30.192  INFO 4984 --- [           main] ConditionEvaluationReportLoggingListener : 

Error starting ApplicationContext. To display the conditions report re-run your application with 'debug' enabled.
2020-03-01 19:27:30.205 ERROR 4984 --- [           main] o.s.boot.SpringApplication               : Application run failed

org.springframework.beans.factory.BeanCreationException: Error creating bean with name 'webSecurityConfig': Injection of autowired dependencies failed; nested exception is java.lang.StackOverflowError
	at org.springframework.beans.factory.annotation.AutowiredAnnotationBeanPostProcessor.postProcessProperties(AutowiredAnnotationBeanPostProcessor.java:405) ~[spring-beans-5.2.4.RELEASE.jar:5.2.4.RELEASE]
	at org.springframework.beans.factory.support.AbstractAutowireCapableBeanFactory.populateBean(AbstractAutowireCapableBeanFactory.java:1422) ~[spring-beans-5.2.4.RELEASE.jar:5.2.4.RELEASE]
	at org.springframework.beans.factory.support.AbstractAutowireCapableBeanFactory.doCreateBean(AbstractAutowireCapableBeanFactory.java:594) ~[spring-beans-5.2.4.RELEASE.jar:5.2.4.RELEASE]
	at org.springframework.beans.factory.support.AbstractAutowireCapableBeanFactory.createBean(AbstractAutowireCapableBeanFactory.java:517) ~[spring-beans-5.2.4.RELEASE.jar:5.2.4.RELEASE]
	at org.springframework.beans.factory.support.AbstractBeanFactory.lambda$doGetBean$0(AbstractBeanFactory.java:323) ~[spring-beans-5.2.4.RELEASE.jar:5.2.4.RELEASE]
	at org.springframework.beans.factory.support.DefaultSingletonBeanRegistry.getSingleton(DefaultSingletonBeanRegistry.java:222) ~[spring-beans-5.2.4.RELEASE.jar:5.2.4.RELEASE]
	at org.springframework.beans.factory.support.AbstractBeanFactory.doGetBean(AbstractBeanFactory.java:321) ~[spring-beans-5.2.4.RELEASE.jar:5.2.4.RELEASE]
	at org.springframework.beans.factory.support.AbstractBeanFactory.getBean(AbstractBeanFactory.java:202) ~[spring-beans-5.2.4.RELEASE.jar:5.2.4.RELEASE]
	at org.springframework.beans.factory.support.DefaultListableBeanFactory.preInstantiateSingletons(DefaultListableBeanFactory.java:879) ~[spring-beans-5.2.4.RELEASE.jar:5.2.4.RELEASE]
	at org.springframework.context.support.AbstractApplicationContext.finishBeanFactoryInitialization(AbstractApplicationContext.java:878) ~[spring-context-5.2.4.RELEASE.jar:5.2.4.RELEASE]
	at org.springframework.context.support.AbstractApplicationContext.refresh(AbstractApplicationContext.java:550) ~[spring-context-5.2.4.RELEASE.jar:5.2.4.RELEASE]
	at org.springframework.boot.SpringApplication.refresh(SpringApplication.java:747) ~[spring-boot-2.2.5.RELEASE.jar:2.2.5.RELEASE]
	at org.springframework.boot.SpringApplication.refreshContext(SpringApplication.java:397) ~[spring-boot-2.2.5.RELEASE.jar:2.2.5.RELEASE]
	at org.springframework.boot.SpringApplication.run(SpringApplication.java:315) ~[spring-boot-2.2.5.RELEASE.jar:2.2.5.RELEASE]
	at org.springframework.boot.test.context.SpringBootContextLoader.loadContext(SpringBootContextLoader.java:126) [spring-boot-test-2.2.5.RELEASE.jar:2.2.5.RELEASE]
	at org.springframework.test.context.cache.DefaultCacheAwareContextLoaderDelegate.loadContextInternal(DefaultCacheAwareContextLoaderDelegate.java:99) [spring-test-5.2.4.RELEASE.jar:5.2.4.RELEASE]
	at org.springframework.test.context.cache.DefaultCacheAwareContextLoaderDelegate.loadContext(DefaultCacheAwareContextLoaderDelegate.java:124) [spring-test-5.2.4.RELEASE.jar:5.2.4.RELEASE]
	at org.springframework.test.context.support.DefaultTestContext.getApplicationContext(DefaultTestContext.java:123) [spring-test-5.2.4.RELEASE.jar:5.2.4.RELEASE]
	at org.springframework.test.context.web.ServletTestExecutionListener.setUpRequestContextIfNecessary(ServletTestExecutionListener.java:190) [spring-test-5.2.4.RELEASE.jar:5.2.4.RELEASE]
	at org.springframework.test.context.web.ServletTestExecutionListener.prepareTestInstance(ServletTestExecutionListener.java:132) [spring-test-5.2.4.RELEASE.jar:5.2.4.RELEASE]
	at org.springframework.test.context.TestContextManager.prepareTestInstance(TestContextManager.java:244) [spring-test-5.2.4.RELEASE.jar:5.2.4.RELEASE]
	at org.springframework.test.context.junit.jupiter.SpringExtension.postProcessTestInstance(SpringExtension.java:98) [spring-test-5.2.4.RELEASE.jar:5.2.4.RELEASE]
	at org.junit.jupiter.engine.descriptor.ClassBasedTestDescriptor.lambda$invokeTestInstancePostProcessors$5(ClassBasedTestDescriptor.java:337) [junit-jupiter-engine-5.5.2.jar:5.5.2]
	at org.junit.jupiter.engine.descriptor.ClassBasedTestDescriptor.executeAndMaskThrowable(ClassBasedTestDescriptor.java:342) [junit-jupiter-engine-5.5.2.jar:5.5.2]
	at org.junit.jupiter.engine.descriptor.ClassBasedTestDescriptor.lambda$invokeTestInstancePostProcessors$6(ClassBasedTestDescriptor.java:337) [junit-jupiter-engine-5.5.2.jar:5.5.2]
	at java.util.stream.ReferencePipeline$3$1.accept(ReferencePipeline.java:193) ~[na:1.8.0_221]
	at java.util.stream.ReferencePipeline$2$1.accept(ReferencePipeline.java:175) ~[na:1.8.0_221]
	at java.util.ArrayList$ArrayListSpliterator.forEachRemaining(ArrayList.java:1382) ~[na:1.8.0_221]
	at java.util.stream.AbstractPipeline.copyInto(AbstractPipeline.java:482) ~[na:1.8.0_221]
	at java.util.stream.AbstractPipeline.wrapAndCopyInto(AbstractPipeline.java:472) ~[na:1.8.0_221]
	at java.util.stream.StreamSpliterators$WrappingSpliterator.forEachRemaining(StreamSpliterators.java:312) ~[na:1.8.0_221]
	at java.util.stream.Streams$ConcatSpliterator.forEachRemaining(Streams.java:743) ~[na:1.8.0_221]
	at java.util.stream.Streams$ConcatSpliterator.forEachRemaining(Streams.java:742) ~[na:1.8.0_221]
	at java.util.stream.ReferencePipeline$Head.forEach(ReferencePipeline.java:580) ~[na:1.8.0_221]
	at org.junit.jupiter.engine.descriptor.ClassBasedTestDescriptor.invokeTestInstancePostProcessors(ClassBasedTestDescriptor.java:336) [junit-jupiter-engine-5.5.2.jar:5.5.2]
	at org.junit.jupiter.engine.descriptor.ClassBasedTestDescriptor.instantiateAndPostProcessTestInstance(ClassBasedTestDescriptor.java:259) [junit-jupiter-engine-5.5.2.jar:5.5.2]
	at org.junit.jupiter.engine.descriptor.ClassBasedTestDescriptor.lambda$testInstancesProvider$2(ClassBasedTestDescriptor.java:252) [junit-jupiter-engine-5.5.2.jar:5.5.2]
	at java.util.Optional.orElseGet(Optional.java:267) ~[na:1.8.0_221]
	at org.junit.jupiter.engine.descriptor.ClassBasedTestDescriptor.lambda$testInstancesProvider$3(ClassBasedTestDescriptor.java:251) [junit-jupiter-engine-5.5.2.jar:5.5.2]
	at org.junit.jupiter.engine.execution.TestInstancesProvider.getTestInstances(TestInstancesProvider.java:29) ~[junit-jupiter-engine-5.5.2.jar:5.5.2]
	at org.junit.jupiter.engine.descriptor.TestMethodTestDescriptor.lambda$prepare$0(TestMethodTestDescriptor.java:106) ~[junit-jupiter-engine-5.5.2.jar:5.5.2]
	at org.junit.platform.engine.support.hierarchical.ThrowableCollector.execute(ThrowableCollector.java:73) ~[junit-platform-engine-1.5.2.jar:1.5.2]
	at org.junit.jupiter.engine.descriptor.TestMethodTestDescriptor.prepare(TestMethodTestDescriptor.java:105) ~[junit-jupiter-engine-5.5.2.jar:5.5.2]
	at org.junit.jupiter.engine.descriptor.TestMethodTestDescriptor.prepare(TestMethodTestDescriptor.java:69) ~[junit-jupiter-engine-5.5.2.jar:5.5.2]
	at org.junit.platform.engine.support.hierarchical.NodeTestTask.lambda$prepare$1(NodeTestTask.java:107) ~[junit-platform-engine-1.5.2.jar:1.5.2]
	at org.junit.platform.engine.support.hierarchical.ThrowableCollector.execute(ThrowableCollector.java:73) ~[junit-platform-engine-1.5.2.jar:1.5.2]
	at org.junit.platform.engine.support.hierarchical.NodeTestTask.prepare(NodeTestTask.java:107) ~[junit-platform-engine-1.5.2.jar:1.5.2]
	at org.junit.platform.engine.support.hierarchical.NodeTestTask.execute(NodeTestTask.java:75) ~[junit-platform-engine-1.5.2.jar:1.5.2]
	at java.util.ArrayList.forEach(ArrayList.java:1257) ~[na:1.8.0_221]
	at org.junit.platform.engine.support.hierarchical.SameThreadHierarchicalTestExecutorService.invokeAll(SameThreadHierarchicalTestExecutorService.java:38) ~[junit-platform-engine-1.5.2.jar:1.5.2]
	at org.junit.platform.engine.support.hierarchical.NodeTestTask.lambda$executeRecursively$5(NodeTestTask.java:139) ~[junit-platform-engine-1.5.2.jar:1.5.2]
	at org.junit.platform.engine.support.hierarchical.ThrowableCollector.execute(ThrowableCollector.java:73) ~[junit-platform-engine-1.5.2.jar:1.5.2]
	at org.junit.platform.engine.support.hierarchical.NodeTestTask.lambda$executeRecursively$7(NodeTestTask.java:125) ~[junit-platform-engine-1.5.2.jar:1.5.2]
	at org.junit.platform.engine.support.hierarchical.Node.around(Node.java:135) ~[junit-platform-engine-1.5.2.jar:1.5.2]
	at org.junit.platform.engine.support.hierarchical.NodeTestTask.lambda$executeRecursively$8(NodeTestTask.java:123) ~[junit-platform-engine-1.5.2.jar:1.5.2]
	at org.junit.platform.engine.support.hierarchical.ThrowableCollector.execute(ThrowableCollector.java:73) ~[junit-platform-engine-1.5.2.jar:1.5.2]
	at org.junit.platform.engine.support.hierarchical.NodeTestTask.executeRecursively(NodeTestTask.java:122) ~[junit-platform-engine-1.5.2.jar:1.5.2]
	at org.junit.platform.engine.support.hierarchical.NodeTestTask.execute(NodeTestTask.java:80) ~[junit-platform-engine-1.5.2.jar:1.5.2]
	at java.util.ArrayList.forEach(ArrayList.java:1257) ~[na:1.8.0_221]
	at org.junit.platform.engine.support.hierarchical.SameThreadHierarchicalTestExecutorService.invokeAll(SameThreadHierarchicalTestExecutorService.java:38) ~[junit-platform-engine-1.5.2.jar:1.5.2]
	at org.junit.platform.engine.support.hierarchical.NodeTestTask.lambda$executeRecursively$5(NodeTestTask.java:139) ~[junit-platform-engine-1.5.2.jar:1.5.2]
	at org.junit.platform.engine.support.hierarchical.ThrowableCollector.execute(ThrowableCollector.java:73) ~[junit-platform-engine-1.5.2.jar:1.5.2]
	at org.junit.platform.engine.support.hierarchical.NodeTestTask.lambda$executeRecursively$7(NodeTestTask.java:125) ~[junit-platform-engine-1.5.2.jar:1.5.2]
	at org.junit.platform.engine.support.hierarchical.Node.around(Node.java:135) ~[junit-platform-engine-1.5.2.jar:1.5.2]
	at org.junit.platform.engine.support.hierarchical.NodeTestTask.lambda$executeRecursively$8(NodeTestTask.java:123) ~[junit-platform-engine-1.5.2.jar:1.5.2]
	at org.junit.platform.engine.support.hierarchical.ThrowableCollector.execute(ThrowableCollector.java:73) ~[junit-platform-engine-1.5.2.jar:1.5.2]
	at org.junit.platform.engine.support.hierarchical.NodeTestTask.executeRecursively(NodeTestTask.java:122) ~[junit-platform-engine-1.5.2.jar:1.5.2]
	at org.junit.platform.engine.support.hierarchical.NodeTestTask.execute(NodeTestTask.java:80) ~[junit-platform-engine-1.5.2.jar:1.5.2]
	at org.junit.platform.engine.support.hierarchical.SameThreadHierarchicalTestExecutorService.submit(SameThreadHierarchicalTestExecutorService.java:32) ~[junit-platform-engine-1.5.2.jar:1.5.2]
	at org.junit.platform.engine.support.hierarchical.HierarchicalTestExecutor.execute(HierarchicalTestExecutor.java:57) ~[junit-platform-engine-1.5.2.jar:1.5.2]
	at org.junit.platform.engine.support.hierarchical.HierarchicalTestEngine.execute(HierarchicalTestEngine.java:51) ~[junit-platform-engine-1.5.2.jar:1.5.2]
	at org.junit.platform.launcher.core.DefaultLauncher.execute(DefaultLauncher.java:220) ~[junit-platform-launcher-1.3.1.jar:1.3.1]
	at org.junit.platform.launcher.core.DefaultLauncher.lambda$execute$6(DefaultLauncher.java:188) ~[junit-platform-launcher-1.3.1.jar:1.3.1]
	at org.junit.platform.launcher.core.DefaultLauncher.withInterceptedStreams(DefaultLauncher.java:202) ~[junit-platform-launcher-1.3.1.jar:1.3.1]
	at org.junit.platform.launcher.core.DefaultLauncher.execute(DefaultLauncher.java:181) ~[junit-platform-launcher-1.3.1.jar:1.3.1]
	at org.junit.platform.launcher.core.DefaultLauncher.execute(DefaultLauncher.java:128) ~[junit-platform-launcher-1.3.1.jar:1.3.1]
	at org.apache.maven.surefire.junitplatform.JUnitPlatformProvider.invokeAllTests(JUnitPlatformProvider.java:150) ~[surefire-junit-platform-2.22.2.jar:2.22.2]
	at org.apache.maven.surefire.junitplatform.JUnitPlatformProvider.invoke(JUnitPlatformProvider.java:124) ~[surefire-junit-platform-2.22.2.jar:2.22.2]
	at org.apache.maven.surefire.booter.ForkedBooter.invokeProviderInSameClassLoader(ForkedBooter.java:384) ~[surefire-booter-2.22.2.jar:2.22.2]
	at org.apache.maven.surefire.booter.ForkedBooter.runSuitesInProcess(ForkedBooter.java:345) ~[surefire-booter-2.22.2.jar:2.22.2]
	at org.apache.maven.surefire.booter.ForkedBooter.execute(ForkedBooter.java:126) ~[surefire-booter-2.22.2.jar:2.22.2]
	at org.apache.maven.surefire.booter.ForkedBooter.main(ForkedBooter.java:418) ~[surefire-booter-2.22.2.jar:2.22.2]
Caused by: java.lang.StackOverflowError: null
	at com.athentication.oauth2.security.WebSecurityConfig.keycloakAuthenticationProvider(WebSecurityConfig.java:49) ~[classes/:na]
	at com.athentication.oauth2.security.WebSecurityConfig.keycloakAuthenticationProvider(WebSecurityConfig.java:49) ~[classes/:na]
	at com.athentication.oauth2.security.WebSecurityConfig.keycloakAuthenticationProvider(WebSecurityConfig.java:49) ~[classes/:na]
	at com.athentication.oauth2.security.WebSecurityConfig.keycloakAuthenticationProvider(WebSecurityConfig.java:49) ~[classes/:na]
	at com.athentication.oauth2.security.WebSecurityConfig.keycloakAuthenticationProvider(WebSecurityConfig.java:49) ~[classes/:na]
	at com.athentication.oauth2.security.WebSecurityConfig.keycloakAuthenticationProvider(WebSecurityConfig.java:49) ~[classes/:na]
	at com.athentication.oauth2.security.WebSecurityConfig.keycloakAuthenticationProvider(WebSecurityConfig.java:49) ~[classes/:na]
	at com.athentication.oauth2.security.WebSecurityConfig.keycloakAuthenticationProvider(WebSecurityConfig.java:49) ~[classes/:na]
	at com.athentication.oauth2.security.WebSecurityConfig.keycloakAuthenticationProvider(WebSecurityConfig.java:49) ~[classes/:na]
	at com.athentication.oauth2.security.WebSecurityConfig.keycloakAuthenticationProvider(WebSecurityConfig.java:49) ~[classes/:na]
	at com.athentication.oauth2.security.WebSecurityConfig.keycloakAuthenticationProvider(WebSecurityConfig.java:49) ~[classes/:na]
	at com.athentication.oauth2.security.WebSecurityConfig.keycloakAuthenticationProvider(WebSecurityConfig.java:49) ~[classes/:na]
	at com.athentication.oauth2.security.WebSecurityConfig.keycloakAuthenticationProvider(WebSecurityConfig.java:49) ~[classes/:na]
	at com.athentication.oauth2.security.WebSecurityConfig.keycloakAuthenticationProvider(WebSecurityConfig.java:49) ~[classes/:na]
	at com.athentication.oauth2.security.WebSecurityConfig.keycloakAuthenticationProvider(WebSecurityConfig.java:49) ~[classes/:na]
	at com.athentication.oauth2.security.WebSecurityConfig.keycloakAuthenticationProvider(WebSecurityConfig.java:49) ~[classes/:na]
	at com.athentication.oauth2.security.WebSecurityConfig.keycloakAuthenticationProvider(WebSecurityConfig.java:49) ~[classes/:na]
	at com.athentication.oauth2.security.WebSecurityConfig.keycloakAuthenticationProvider(WebSecurityConfig.java:49) ~[classes/:na]
	at com.athentication.oauth2.security.WebSecurityConfig.keycloakAuthenticationProvider(WebSecurityConfig.java:49) ~[classes/:na]
	at com.athentication.oauth2.security.WebSecurityConfig.keycloakAuthenticationProvider(WebSecurityConfig.java:49) ~[classes/:na]
	at com.athentication.oauth2.security.WebSecurityConfig.keycloakAuthenticationProvider(WebSecurityConfig.java:49) ~[classes/:na]
	at com.athentication.oauth2.security.WebSecurityConfig.keycloakAuthenticationProvider(WebSecurityConfig.java:49) ~[classes/:na]
	at com.athentication.oauth2.security.WebSecurityConfig.keycloakAuthenticationProvider(WebSecurityConfig.java:49) ~[classes/:na]
	at com.athentication.oauth2.security.WebSecurityConfig.keycloakAuthenticationProvider(WebSecurityConfig.java:49) ~[classes/:na]
	at com.athentication.oauth2.security.WebSecurityConfig.keycloakAuthenticationProvider(WebSecurityConfig.java:49) ~[classes/:na]
	at com.athentication.oauth2.security.WebSecurityConfig.keycloakAuthenticationProvider(WebSecurityConfig.java:49) ~[classes/:na]
	at com.athentication.oauth2.security.WebSecurityConfig.keycloakAuthenticationProvider(WebSecurityConfig.java:49) ~[classes/:na]
	at com.athentication.oauth2.security.WebSecurityConfig.keycloakAuthenticationProvider(WebSecurityConfig.java:49) ~[classes/:na]
	at com.athentication.oauth2.security.WebSecurityConfig.keycloakAuthenticationProvider(WebSecurityConfig.java:49) ~[classes/:na]
	at com.athentication.oauth2.security.WebSecurityConfig.keycloakAuthenticationProvider(WebSecurityConfig.java:49) ~[classes/:na]
	at com.athentication.oauth2.security.WebSecurityConfig.keycloakAuthenticationProvider(WebSecurityConfig.java:49) ~[classes/:na]
	at com.athentication.oauth2.security.WebSecurityConfig.keycloakAuthenticationProvider(WebSecurityConfig.java:49) ~[classes/:na]
	at com.athentication.oauth2.security.WebSecurityConfig.keycloakAuthenticationProvider(WebSecurityConfig.java:49) ~[classes/:na]
	at com.athentication.oauth2.security.WebSecurityConfig.keycloakAuthenticationProvider(WebSecurityConfig.java:49) ~[classes/:na]
	at com.athentication.oauth2.security.WebSecurityConfig.keycloakAuthenticationProvider(WebSecurityConfig.java:49) ~[classes/:na]
	at com.athentication.oauth2.security.WebSecurityConfig.keycloakAuthenticationProvider(WebSecurityConfig.java:49) ~[classes/:na]
	at com.athentication.oauth2.security.WebSecurityConfig.keycloakAuthenticationProvider(WebSecurityConfig.java:49) ~[classes/:na]
	at com.athentication.oauth2.security.WebSecurityConfig.keycloakAuthenticationProvider(WebSecurityConfig.java:49) ~[classes/:na]
	at com.athentication.oauth2.security.WebSecurityConfig.keycloakAuthenticationProvider(WebSecurityConfig.java:49) ~[classes/:na]
	at com.athentication.oauth2.security.WebSecurityConfig.keycloakAuthenticationProvider(WebSecurityConfig.java:49) ~[classes/:na]
	at com.athentication.oauth2.security.WebSecurityConfig.keycloakAuthenticationProvider(WebSecurityConfig.java:49) ~[classes/:na]
	at com.athentication.oauth2.security.WebSecurityConfig.keycloakAuthenticationProvider(WebSecurityConfig.java:49) ~[classes/:na]
	at com.athentication.oauth2.security.WebSecurityConfig.keycloakAuthenticationProvider(WebSecurityConfig.java:49) ~[classes/:na]
	at com.athentication.oauth2.security.WebSecurityConfig.keycloakAuthenticationProvider(WebSecurityConfig.java:49) ~[classes/:na]
	at com.athentication.oauth2.security.WebSecurityConfig.keycloakAuthenticationProvider(WebSecurityConfig.java:49) ~[classes/:na]
	at com.athentication.oauth2.security.WebSecurityConfig.keycloakAuthenticationProvider(WebSecurityConfig.java:49) ~[classes/:na]
	at com.athentication.oauth2.security.WebSecurityConfig.keycloakAuthenticationProvider(WebSecurityConfig.java:49) ~[classes/:na]
	at com.athentication.oauth2.security.WebSecurityConfig.keycloakAuthenticationProvider(WebSecurityConfig.java:49) ~[classes/:na]
	at com.athentication.oauth2.security.WebSecurityConfig.keycloakAuthenticationProvider(WebSecurityConfig.java:49) ~[classes/:na]
	at com.athentication.oauth2.security.WebSecurityConfig.keycloakAuthenticationProvider(WebSecurityConfig.java:49) ~[classes/:na]
	at com.athentication.oauth2.security.WebSecurityConfig.keycloakAuthenticationProvider(WebSecurityConfig.java:49) ~[classes/:na]
	at com.athentication.oauth2.security.WebSecurityConfig.keycloakAuthenticationProvider(WebSecurityConfig.java:49) ~[classes/:na]
	at com.athentication.oauth2.security.WebSecurityConfig.keycloakAuthenticationProvider(WebSecurityConfig.java:49) ~[classes/:na]
	at com.athentication.oauth2.security.WebSecurityConfig.keycloakAuthenticationProvider(WebSecurityConfig.java:49) ~[classes/:na]
	at com.athentication.oauth2.security.WebSecurityConfig.keycloakAuthenticationProvider(WebSecurityConfig.java:49) ~[classes/:na]
	at com.athentication.oauth2.security.WebSecurityConfig.keycloakAuthenticationProvider(WebSecurityConfig.java:49) ~[classes/:na]
	at com.athentication.oauth2.security.WebSecurityConfig.keycloakAuthenticationProvider(WebSecurityConfig.java:49) ~[classes/:na]
	at com.athentication.oauth2.security.WebSecurityConfig.keycloakAuthenticationProvider(WebSecurityConfig.java:49) ~[classes/:na]
	at com.athentication.oauth2.security.WebSecurityConfig.keycloakAuthenticationProvider(WebSecurityConfig.java:49) ~[classes/:na]
	at com.athentication.oauth2.security.WebSecurityConfig.keycloakAuthenticationProvider(WebSecurityConfig.java:49) ~[classes/:na]
	at com.athentication.oauth2.security.WebSecurityConfig.keycloakAuthenticationProvider(WebSecurityConfig.java:49) ~[classes/:na]
	at com.athentication.oauth2.security.WebSecurityConfig.keycloakAuthenticationProvider(WebSecurityConfig.java:49) ~[classes/:na]
	at com.athentication.oauth2.security.WebSecurityConfig.keycloakAuthenticationProvider(WebSecurityConfig.java:49) ~[classes/:na]
	at com.athentication.oauth2.security.WebSecurityConfig.keycloakAuthenticationProvider(WebSecurityConfig.java:49) ~[classes/:na]
	at com.athentication.oauth2.security.WebSecurityConfig.keycloakAuthenticationProvider(WebSecurityConfig.java:49) ~[classes/:na]
	at com.athentication.oauth2.security.WebSecurityConfig.keycloakAuthenticationProvider(WebSecurityConfig.java:49) ~[classes/:na]
	at com.athentication.oauth2.security.WebSecurityConfig.keycloakAuthenticationProvider(WebSecurityConfig.java:49) ~[classes/:na]
	at com.athentication.oauth2.security.WebSecurityConfig.keycloakAuthenticationProvider(WebSecurityConfig.java:49) ~[classes/:na]
	at com.athentication.oauth2.security.WebSecurityConfig.keycloakAuthenticationProvider(WebSecurityConfig.java:49) ~[classes/:na]
	at com.athentication.oauth2.security.WebSecurityConfig.keycloakAuthenticationProvider(WebSecurityConfig.java:49) ~[classes/:na]
	at com.athentication.oauth2.security.WebSecurityConfig.keycloakAuthenticationProvider(WebSecurityConfig.java:49) ~[classes/:na]
	at com.athentication.oauth2.security.WebSecurityConfig.keycloakAuthenticationProvider(WebSecurityConfig.java:49) ~[classes/:na]
	at com.athentication.oauth2.security.WebSecurityConfig.keycloakAuthenticationProvider(WebSecurityConfig.java:49) ~[classes/:na]
	at com.athentication.oauth2.security.WebSecurityConfig.keycloakAuthenticationProvider(WebSecurityConfig.java:49) ~[classes/:na]
	at com.athentication.oauth2.security.WebSecurityConfig.keycloakAuthenticationProvider(WebSecurityConfig.java:49) ~[classes/:na]
	at com.athentication.oauth2.security.WebSecurityConfig.keycloakAuthenticationProvider(WebSecurityConfig.java:49) ~[classes/:na]
	at com.athentication.oauth2.security.WebSecurityConfig.keycloakAuthenticationProvider(WebSecurityConfig.java:49) ~[classes/:na]
	at com.athentication.oauth2.security.WebSecurityConfig.keycloakAuthenticationProvider(WebSecurityConfig.java:49) ~[classes/:na]
	at com.athentication.oauth2.security.WebSecurityConfig.keycloakAuthenticationProvider(WebSecurityConfig.java:49) ~[classes/:na]
	at com.athentication.oauth2.security.WebSecurityConfig.keycloakAuthenticationProvider(WebSecurityConfig.java:49) ~[classes/:na]
	at com.athentication.oauth2.security.WebSecurityConfig.keycloakAuthenticationProvider(WebSecurityConfig.java:49) ~[classes/:na]
	at com.athentication.oauth2.security.WebSecurityConfig.keycloakAuthenticationProvider(WebSecurityConfig.java:49) ~[classes/:na]
	at com.athentication.oauth2.security.WebSecurityConfig.keycloakAuthenticationProvider(WebSecurityConfig.java:49) ~[classes/:na]
	at com.athentication.oauth2.security.WebSecurityConfig.keycloakAuthenticationProvider(WebSecurityConfig.java:49) ~[classes/:na]
	at com.athentication.oauth2.security.WebSecurityConfig.keycloakAuthenticationProvider(WebSecurityConfig.java:49) ~[classes/:na]
	at com.athentication.oauth2.security.WebSecurityConfig.keycloakAuthenticationProvider(WebSecurityConfig.java:49) ~[classes/:na]
	at com.athentication.oauth2.security.WebSecurityConfig.keycloakAuthenticationProvider(WebSecurityConfig.java:49) ~[classes/:na]
	at com.athentication.oauth2.security.WebSecurityConfig.keycloakAuthenticationProvider(WebSecurityConfig.java:49) ~[classes/:na]
	at com.athentication.oauth2.security.WebSecurityConfig.keycloakAuthenticationProvider(WebSecurityConfig.java:49) ~[classes/:na]
	at com.athentication.oauth2.security.WebSecurityConfig.keycloakAuthenticationProvider(WebSecurityConfig.java:49) ~[classes/:na]
	at com.athentication.oauth2.security.WebSecurityConfig.keycloakAuthenticationProvider(WebSecurityConfig.java:49) ~[classes/:na]
	at com.athentication.oauth2.security.WebSecurityConfig.keycloakAuthenticationProvider(WebSecurityConfig.java:49) ~[classes/:na]
	at com.athentication.oauth2.security.WebSecurityConfig.keycloakAuthenticationProvider(WebSecurityConfig.java:49) ~[classes/:na]
	at com.athentication.oauth2.security.WebSecurityConfig.keycloakAuthenticationProvider(WebSecurityConfig.java:49) ~[classes/:na]
	at com.athentication.oauth2.security.WebSecurityConfig.keycloakAuthenticationProvider(WebSecurityConfig.java:49) ~[classes/:na]
	at com.athentication.oauth2.security.WebSecurityConfig.keycloakAuthenticationProvider(WebSecurityConfig.java:49) ~[classes/:na]
	at com.athentication.oauth2.security.WebSecurityConfig.keycloakAuthenticationProvider(WebSecurityConfig.java:49) ~[classes/:na]
	at com.athentication.oauth2.security.WebSecurityConfig.keycloakAuthenticationProvider(WebSecurityConfig.java:49) ~[classes/:na]
	at com.athentication.oauth2.security.WebSecurityConfig.keycloakAuthenticationProvider(WebSecurityConfig.java:49) ~[classes/:na]
	at com.athentication.oauth2.security.WebSecurityConfig.keycloakAuthenticationProvider(WebSecurityConfig.java:49) ~[classes/:na]
	at com.athentication.oauth2.security.WebSecurityConfig.keycloakAuthenticationProvider(WebSecurityConfig.java:49) ~[classes/:na]
	at com.athentication.oauth2.security.WebSecurityConfig.keycloakAuthenticationProvider(WebSecurityConfig.java:49) ~[classes/:na]
	at com.athentication.oauth2.security.WebSecurityConfig.keycloakAuthenticationProvider(WebSecurityConfig.java:49) ~[classes/:na]
	at com.athentication.oauth2.security.WebSecurityConfig.keycloakAuthenticationProvider(WebSecurityConfig.java:49) ~[classes/:na]
	at com.athentication.oauth2.security.WebSecurityConfig.keycloakAuthenticationProvider(WebSecurityConfig.java:49) ~[classes/:na]
	at com.athentication.oauth2.security.WebSecurityConfig.keycloakAuthenticationProvider(WebSecurityConfig.java:49) ~[classes/:na]
	at com.athentication.oauth2.security.WebSecurityConfig.keycloakAuthenticationProvider(WebSecurityConfig.java:49) ~[classes/:na]
	at com.athentication.oauth2.security.WebSecurityConfig.keycloakAuthenticationProvider(WebSecurityConfig.java:49) ~[classes/:na]
	at com.athentication.oauth2.security.WebSecurityConfig.keycloakAuthenticationProvider(WebSecurityConfig.java:49) ~[classes/:na]
	at com.athentication.oauth2.security.WebSecurityConfig.keycloakAuthenticationProvider(WebSecurityConfig.java:49) ~[classes/:na]
	at com.athentication.oauth2.security.WebSecurityConfig.keycloakAuthenticationProvider(WebSecurityConfig.java:49) ~[classes/:na]
	at com.athentication.oauth2.security.WebSecurityConfig.keycloakAuthenticationProvider(WebSecurityConfig.java:49) ~[classes/:na]
	at com.athentication.oauth2.security.WebSecurityConfig.keycloakAuthenticationProvider(WebSecurityConfig.java:49) ~[classes/:na]
	at com.athentication.oauth2.security.WebSecurityConfig.keycloakAuthenticationProvider(WebSecurityConfig.java:49) ~[classes/:na]
	at com.athentication.oauth2.security.WebSecurityConfig.keycloakAuthenticationProvider(WebSecurityConfig.java:49) ~[classes/:na]
	at com.athentication.oauth2.security.WebSecurityConfig.keycloakAuthenticationProvider(WebSecurityConfig.java:49) ~[classes/:na]
	at com.athentication.oauth2.security.WebSecurityConfig.keycloakAuthenticationProvider(WebSecurityConfig.java:49) ~[classes/:na]
	at com.athentication.oauth2.security.WebSecurityConfig.keycloakAuthenticationProvider(WebSecurityConfig.java:49) ~[classes/:na]
	at com.athentication.oauth2.security.WebSecurityConfig.keycloakAuthenticationProvider(WebSecurityConfig.java:49) ~[classes/:na]
	at com.athentication.oauth2.security.WebSecurityConfig.keycloakAuthenticationProvider(WebSecurityConfig.java:49) ~[classes/:na]
	at com.athentication.oauth2.security.WebSecurityConfig.keycloakAuthenticationProvider(WebSecurityConfig.java:49) ~[classes/:na]
	at com.athentication.oauth2.security.WebSecurityConfig.keycloakAuthenticationProvider(WebSecurityConfig.java:49) ~[classes/:na]
	at com.athentication.oauth2.security.WebSecurityConfig.keycloakAuthenticationProvider(WebSecurityConfig.java:49) ~[classes/:na]
	at com.athentication.oauth2.security.WebSecurityConfig.keycloakAuthenticationProvider(WebSecurityConfig.java:49) ~[classes/:na]
	at com.athentication.oauth2.security.WebSecurityConfig.keycloakAuthenticationProvider(WebSecurityConfig.java:49) ~[classes/:na]
	at com.athentication.oauth2.security.WebSecurityConfig.keycloakAuthenticationProvider(WebSecurityConfig.java:49) ~[classes/:na]
	at com.athentication.oauth2.security.WebSecurityConfig.keycloakAuthenticationProvider(WebSecurityConfig.java:49) ~[classes/:na]
	at com.athentication.oauth2.security.WebSecurityConfig.keycloakAuthenticationProvider(WebSecurityConfig.java:49) ~[classes/:na]
	at com.athentication.oauth2.security.WebSecurityConfig.keycloakAuthenticationProvider(WebSecurityConfig.java:49) ~[classes/:na]
	at com.athentication.oauth2.security.WebSecurityConfig.keycloakAuthenticationProvider(WebSecurityConfig.java:49) ~[classes/:na]
	at com.athentication.oauth2.security.WebSecurityConfig.keycloakAuthenticationProvider(WebSecurityConfig.java:49) ~[classes/:na]
	at com.athentication.oauth2.security.WebSecurityConfig.keycloakAuthenticationProvider(WebSecurityConfig.java:49) ~[classes/:na]
	at com.athentication.oauth2.security.WebSecurityConfig.keycloakAuthenticationProvider(WebSecurityConfig.java:49) ~[classes/:na]
	at com.athentication.oauth2.security.WebSecurityConfig.keycloakAuthenticationProvider(WebSecurityConfig.java:49) ~[classes/:na]
	at com.athentication.oauth2.security.WebSecurityConfig.keycloakAuthenticationProvider(WebSecurityConfig.java:49) ~[classes/:na]
	at com.athentication.oauth2.security.WebSecurityConfig.keycloakAuthenticationProvider(WebSecurityConfig.java:49) ~[classes/:na]
	at com.athentication.oauth2.security.WebSecurityConfig.keycloakAuthenticationProvider(WebSecurityConfig.java:49) ~[classes/:na]
	at com.athentication.oauth2.security.WebSecurityConfig.keycloakAuthenticationProvider(WebSecurityConfig.java:49) ~[classes/:na]
	at com.athentication.oauth2.security.WebSecurityConfig.keycloakAuthenticationProvider(WebSecurityConfig.java:49) ~[classes/:na]
	at com.athentication.oauth2.security.WebSecurityConfig.keycloakAuthenticationProvider(WebSecurityConfig.java:49) ~[classes/:na]
	at com.athentication.oauth2.security.WebSecurityConfig.keycloakAuthenticationProvider(WebSecurityConfig.java:49) ~[classes/:na]
	at com.athentication.oauth2.security.WebSecurityConfig.keycloakAuthenticationProvider(WebSecurityConfig.java:49) ~[classes/:na]
	at com.athentication.oauth2.security.WebSecurityConfig.keycloakAuthenticationProvider(WebSecurityConfig.java:49) ~[classes/:na]
	at com.athentication.oauth2.security.WebSecurityConfig.keycloakAuthenticationProvider(WebSecurityConfig.java:49) ~[classes/:na]
	at com.athentication.oauth2.security.WebSecurityConfig.keycloakAuthenticationProvider(WebSecurityConfig.java:49) ~[classes/:na]
	at com.athentication.oauth2.security.WebSecurityConfig.keycloakAuthenticationProvider(WebSecurityConfig.java:49) ~[classes/:na]
	at com.athentication.oauth2.security.WebSecurityConfig.keycloakAuthenticationProvider(WebSecurityConfig.java:49) ~[classes/:na]
	at com.athentication.oauth2.security.WebSecurityConfig.keycloakAuthenticationProvider(WebSecurityConfig.java:49) ~[classes/:na]
	at com.athentication.oauth2.security.WebSecurityConfig.keycloakAuthenticationProvider(WebSecurityConfig.java:49) ~[classes/:na]
	at com.athentication.oauth2.security.WebSecurityConfig.keycloakAuthenticationProvider(WebSecurityConfig.java:49) ~[classes/:na]
	at com.athentication.oauth2.security.WebSecurityConfig.keycloakAuthenticationProvider(WebSecurityConfig.java:49) ~[classes/:na]
	at com.athentication.oauth2.security.WebSecurityConfig.keycloakAuthenticationProvider(WebSecurityConfig.java:49) ~[classes/:na]
	at com.athentication.oauth2.security.WebSecurityConfig.keycloakAuthenticationProvider(WebSecurityConfig.java:49) ~[classes/:na]
	at com.athentication.oauth2.security.WebSecurityConfig.keycloakAuthenticationProvider(WebSecurityConfig.java:49) ~[classes/:na]
	at com.athentication.oauth2.security.WebSecurityConfig.keycloakAuthenticationProvider(WebSecurityConfig.java:49) ~[classes/:na]
	at com.athentication.oauth2.security.WebSecurityConfig.keycloakAuthenticationProvider(WebSecurityConfig.java:49) ~[classes/:na]
	at com.athentication.oauth2.security.WebSecurityConfig.keycloakAuthenticationProvider(WebSecurityConfig.java:49) ~[classes/:na]
	at com.athentication.oauth2.security.WebSecurityConfig.keycloakAuthenticationProvider(WebSecurityConfig.java:49) ~[classes/:na]
	at com.athentication.oauth2.security.WebSecurityConfig.keycloakAuthenticationProvider(WebSecurityConfig.java:49) ~[classes/:na]
	at com.athentication.oauth2.security.WebSecurityConfig.keycloakAuthenticationProvider(WebSecurityConfig.java:49) ~[classes/:na]
	at com.athentication.oauth2.security.WebSecurityConfig.keycloakAuthenticationProvider(WebSecurityConfig.java:49) ~[classes/:na]
	at com.athentication.oauth2.security.WebSecurityConfig.keycloakAuthenticationProvider(WebSecurityConfig.java:49) ~[classes/:na]
	at com.athentication.oauth2.security.WebSecurityConfig.keycloakAuthenticationProvider(WebSecurityConfig.java:49) ~[classes/:na]
	at com.athentication.oauth2.security.WebSecurityConfig.keycloakAuthenticationProvider(WebSecurityConfig.java:49) ~[classes/:na]
	at com.athentication.oauth2.security.WebSecurityConfig.keycloakAuthenticationProvider(WebSecurityConfig.java:49) ~[classes/:na]
	at com.athentication.oauth2.security.WebSecurityConfig.keycloakAuthenticationProvider(WebSecurityConfig.java:49) ~[classes/:na]
	at com.athentication.oauth2.security.WebSecurityConfig.keycloakAuthenticationProvider(WebSecurityConfig.java:49) ~[classes/:na]
	at com.athentication.oauth2.security.WebSecurityConfig.keycloakAuthenticationProvider(WebSecurityConfig.java:49) ~[classes/:na]
	at com.athentication.oauth2.security.WebSecurityConfig.keycloakAuthenticationProvider(WebSecurityConfig.java:49) ~[classes/:na]
	at com.athentication.oauth2.security.WebSecurityConfig.keycloakAuthenticationProvider(WebSecurityConfig.java:49) ~[classes/:na]
	at com.athentication.oauth2.security.WebSecurityConfig.keycloakAuthenticationProvider(WebSecurityConfig.java:49) ~[classes/:na]
	at com.athentication.oauth2.security.WebSecurityConfig.keycloakAuthenticationProvider(WebSecurityConfig.java:49) ~[classes/:na]
	at com.athentication.oauth2.security.WebSecurityConfig.keycloakAuthenticationProvider(WebSecurityConfig.java:49) ~[classes/:na]
	at com.athentication.oauth2.security.WebSecurityConfig.keycloakAuthenticationProvider(WebSecurityConfig.java:49) ~[classes/:na]
	at com.athentication.oauth2.security.WebSecurityConfig.keycloakAuthenticationProvider(WebSecurityConfig.java:49) ~[classes/:na]
	at com.athentication.oauth2.security.WebSecurityConfig.keycloakAuthenticationProvider(WebSecurityConfig.java:49) ~[classes/:na]
	at com.athentication.oauth2.security.WebSecurityConfig.keycloakAuthenticationProvider(WebSecurityConfig.java:49) ~[classes/:na]
	at com.athentication.oauth2.security.WebSecurityConfig.keycloakAuthenticationProvider(WebSecurityConfig.java:49) ~[classes/:na]
	at com.athentication.oauth2.security.WebSecurityConfig.keycloakAuthenticationProvider(WebSecurityConfig.java:49) ~[classes/:na]
	at com.athentication.oauth2.security.WebSecurityConfig.keycloakAuthenticationProvider(WebSecurityConfig.java:49) ~[classes/:na]
	at com.athentication.oauth2.security.WebSecurityConfig.keycloakAuthenticationProvider(WebSecurityConfig.java:49) ~[classes/:na]
	at com.athentication.oauth2.security.WebSecurityConfig.keycloakAuthenticationProvider(WebSecurityConfig.java:49) ~[classes/:na]
	at com.athentication.oauth2.security.WebSecurityConfig.keycloakAuthenticationProvider(WebSecurityConfig.java:49) ~[classes/:na]
	at com.athentication.oauth2.security.WebSecurityConfig.keycloakAuthenticationProvider(WebSecurityConfig.java:49) ~[classes/:na]
	at com.athentication.oauth2.security.WebSecurityConfig.keycloakAuthenticationProvider(WebSecurityConfig.java:49) ~[classes/:na]
	at com.athentication.oauth2.security.WebSecurityConfig.keycloakAuthenticationProvider(WebSecurityConfig.java:49) ~[classes/:na]
	at com.athentication.oauth2.security.WebSecurityConfig.keycloakAuthenticationProvider(WebSecurityConfig.java:49) ~[classes/:na]
	at com.athentication.oauth2.security.WebSecurityConfig.keycloakAuthenticationProvider(WebSecurityConfig.java:49) ~[classes/:na]
	at com.athentication.oauth2.security.WebSecurityConfig.keycloakAuthenticationProvider(WebSecurityConfig.java:49) ~[classes/:na]
	at com.athentication.oauth2.security.WebSecurityConfig.keycloakAuthenticationProvider(WebSecurityConfig.java:49) ~[classes/:na]
	at com.athentication.oauth2.security.WebSecurityConfig.keycloakAuthenticationProvider(WebSecurityConfig.java:49) ~[classes/:na]
	at com.athentication.oauth2.security.WebSecurityConfig.keycloakAuthenticationProvider(WebSecurityConfig.java:49) ~[classes/:na]
	at com.athentication.oauth2.security.WebSecurityConfig.keycloakAuthenticationProvider(WebSecurityConfig.java:49) ~[classes/:na]
	at com.athentication.oauth2.security.WebSecurityConfig.keycloakAuthenticationProvider(WebSecurityConfig.java:49) ~[classes/:na]
	at com.athentication.oauth2.security.WebSecurityConfig.keycloakAuthenticationProvider(WebSecurityConfig.java:49) ~[classes/:na]
	at com.athentication.oauth2.security.WebSecurityConfig.keycloakAuthenticationProvider(WebSecurityConfig.java:49) ~[classes/:na]
	at com.athentication.oauth2.security.WebSecurityConfig.keycloakAuthenticationProvider(WebSecurityConfig.java:49) ~[classes/:na]
	at com.athentication.oauth2.security.WebSecurityConfig.keycloakAuthenticationProvider(WebSecurityConfig.java:49) ~[classes/:na]
	at com.athentication.oauth2.security.WebSecurityConfig.keycloakAuthenticationProvider(WebSecurityConfig.java:49) ~[classes/:na]
	at com.athentication.oauth2.security.WebSecurityConfig.keycloakAuthenticationProvider(WebSecurityConfig.java:49) ~[classes/:na]
	at com.athentication.oauth2.security.WebSecurityConfig.keycloakAuthenticationProvider(WebSecurityConfig.java:49) ~[classes/:na]
	at com.athentication.oauth2.security.WebSecurityConfig.keycloakAuthenticationProvider(WebSecurityConfig.java:49) ~[classes/:na]
	at com.athentication.oauth2.security.WebSecurityConfig.keycloakAuthenticationProvider(WebSecurityConfig.java:49) ~[classes/:na]
	at com.athentication.oauth2.security.WebSecurityConfig.keycloakAuthenticationProvider(WebSecurityConfig.java:49) ~[classes/:na]
	at com.athentication.oauth2.security.WebSecurityConfig.keycloakAuthenticationProvider(WebSecurityConfig.java:49) ~[classes/:na]
	at com.athentication.oauth2.security.WebSecurityConfig.keycloakAuthenticationProvider(WebSecurityConfig.java:49) ~[classes/:na]
	at com.athentication.oauth2.security.WebSecurityConfig.keycloakAuthenticationProvider(WebSecurityConfig.java:49) ~[classes/:na]
	at com.athentication.oauth2.security.WebSecurityConfig.keycloakAuthenticationProvider(WebSecurityConfig.java:49) ~[classes/:na]
	at com.athentication.oauth2.security.WebSecurityConfig.keycloakAuthenticationProvider(WebSecurityConfig.java:49) ~[classes/:na]
	at com.athentication.oauth2.security.WebSecurityConfig.keycloakAuthenticationProvider(WebSecurityConfig.java:49) ~[classes/:na]
	at com.athentication.oauth2.security.WebSecurityConfig.keycloakAuthenticationProvider(WebSecurityConfig.java:49) ~[classes/:na]
	at com.athentication.oauth2.security.WebSecurityConfig.keycloakAuthenticationProvider(WebSecurityConfig.java:49) ~[classes/:na]
	at com.athentication.oauth2.security.WebSecurityConfig.keycloakAuthenticationProvider(WebSecurityConfig.java:49) ~[classes/:na]
	at com.athentication.oauth2.security.WebSecurityConfig.keycloakAuthenticationProvider(WebSecurityConfig.java:49) ~[classes/:na]
	at com.athentication.oauth2.security.WebSecurityConfig.keycloakAuthenticationProvider(WebSecurityConfig.java:49) ~[classes/:na]
	at com.athentication.oauth2.security.WebSecurityConfig.keycloakAuthenticationProvider(WebSecurityConfig.java:49) ~[classes/:na]
	at com.athentication.oauth2.security.WebSecurityConfig.keycloakAuthenticationProvider(WebSecurityConfig.java:49) ~[classes/:na]
	at com.athentication.oauth2.security.WebSecurityConfig.keycloakAuthenticationProvider(WebSecurityConfig.java:49) ~[classes/:na]
	at com.athentication.oauth2.security.WebSecurityConfig.keycloakAuthenticationProvider(WebSecurityConfig.java:49) ~[classes/:na]
	at com.athentication.oauth2.security.WebSecurityConfig.keycloakAuthenticationProvider(WebSecurityConfig.java:49) ~[classes/:na]
	at com.athentication.oauth2.security.WebSecurityConfig.keycloakAuthenticationProvider(WebSecurityConfig.java:49) ~[classes/:na]
	at com.athentication.oauth2.security.WebSecurityConfig.keycloakAuthenticationProvider(WebSecurityConfig.java:49) ~[classes/:na]
	at com.athentication.oauth2.security.WebSecurityConfig.keycloakAuthenticationProvider(WebSecurityConfig.java:49) ~[classes/:na]
	at com.athentication.oauth2.security.WebSecurityConfig.keycloakAuthenticationProvider(WebSecurityConfig.java:49) ~[classes/:na]
	at com.athentication.oauth2.security.WebSecurityConfig.keycloakAuthenticationProvider(WebSecurityConfig.java:49) ~[classes/:na]
	at com.athentication.oauth2.security.WebSecurityConfig.keycloakAuthenticationProvider(WebSecurityConfig.java:49) ~[classes/:na]
	at com.athentication.oauth2.security.WebSecurityConfig.keycloakAuthenticationProvider(WebSecurityConfig.java:49) ~[classes/:na]
	at com.athentication.oauth2.security.WebSecurityConfig.keycloakAuthenticationProvider(WebSecurityConfig.java:49) ~[classes/:na]
	at com.athentication.oauth2.security.WebSecurityConfig.keycloakAuthenticationProvider(WebSecurityConfig.java:49) ~[classes/:na]
	at com.athentication.oauth2.security.WebSecurityConfig.keycloakAuthenticationProvider(WebSecurityConfig.java:49) ~[classes/:na]
	at com.athentication.oauth2.security.WebSecurityConfig.keycloakAuthenticationProvider(WebSecurityConfig.java:49) ~[classes/:na]
	at com.athentication.oauth2.security.WebSecurityConfig.keycloakAuthenticationProvider(WebSecurityConfig.java:49) ~[classes/:na]
	at com.athentication.oauth2.security.WebSecurityConfig.keycloakAuthenticationProvider(WebSecurityConfig.java:49) ~[classes/:na]
	at com.athentication.oauth2.security.WebSecurityConfig.keycloakAuthenticationProvider(WebSecurityConfig.java:49) ~[classes/:na]
	at com.athentication.oauth2.security.WebSecurityConfig.keycloakAuthenticationProvider(WebSecurityConfig.java:49) ~[classes/:na]
	at com.athentication.oauth2.security.WebSecurityConfig.keycloakAuthenticationProvider(WebSecurityConfig.java:49) ~[classes/:na]
	at com.athentication.oauth2.security.WebSecurityConfig.keycloakAuthenticationProvider(WebSecurityConfig.java:49) ~[classes/:na]
	at com.athentication.oauth2.security.WebSecurityConfig.keycloakAuthenticationProvider(WebSecurityConfig.java:49) ~[classes/:na]
	at com.athentication.oauth2.security.WebSecurityConfig.keycloakAuthenticationProvider(WebSecurityConfig.java:49) ~[classes/:na]
	at com.athentication.oauth2.security.WebSecurityConfig.keycloakAuthenticationProvider(WebSecurityConfig.java:49) ~[classes/:na]
	at com.athentication.oauth2.security.WebSecurityConfig.keycloakAuthenticationProvider(WebSecurityConfig.java:49) ~[classes/:na]
	at com.athentication.oauth2.security.WebSecurityConfig.keycloakAuthenticationProvider(WebSecurityConfig.java:49) ~[classes/:na]
	at com.athentication.oauth2.security.WebSecurityConfig.keycloakAuthenticationProvider(WebSecurityConfig.java:49) ~[classes/:na]
	at com.athentication.oauth2.security.WebSecurityConfig.keycloakAuthenticationProvider(WebSecurityConfig.java:49) ~[classes/:na]
	at com.athentication.oauth2.security.WebSecurityConfig.keycloakAuthenticationProvider(WebSecurityConfig.java:49) ~[classes/:na]
	at com.athentication.oauth2.security.WebSecurityConfig.keycloakAuthenticationProvider(WebSecurityConfig.java:49) ~[classes/:na]
	at com.athentication.oauth2.security.WebSecurityConfig.keycloakAuthenticationProvider(WebSecurityConfig.java:49) ~[classes/:na]
	at com.athentication.oauth2.security.WebSecurityConfig.keycloakAuthenticationProvider(WebSecurityConfig.java:49) ~[classes/:na]
	at com.athentication.oauth2.security.WebSecurityConfig.keycloakAuthenticationProvider(WebSecurityConfig.java:49) ~[classes/:na]
	at com.athentication.oauth2.security.WebSecurityConfig.keycloakAuthenticationProvider(WebSecurityConfig.java:49) ~[classes/:na]
	at com.athentication.oauth2.security.WebSecurityConfig.keycloakAuthenticationProvider(WebSecurityConfig.java:49) ~[classes/:na]
	at com.athentication.oauth2.security.WebSecurityConfig.keycloakAuthenticationProvider(WebSecurityConfig.java:49) ~[classes/:na]
	at com.athentication.oauth2.security.WebSecurityConfig.keycloakAuthenticationProvider(WebSecurityConfig.java:49) ~[classes/:na]
	at com.athentication.oauth2.security.WebSecurityConfig.keycloakAuthenticationProvider(WebSecurityConfig.java:49) ~[classes/:na]
	at com.athentication.oauth2.security.WebSecurityConfig.keycloakAuthenticationProvider(WebSecurityConfig.java:49) ~[classes/:na]
	at com.athentication.oauth2.security.WebSecurityConfig.keycloakAuthenticationProvider(WebSecurityConfig.java:49) ~[classes/:na]
	at com.athentication.oauth2.security.WebSecurityConfig.keycloakAuthenticationProvider(WebSecurityConfig.java:49) ~[classes/:na]
	at com.athentication.oauth2.security.WebSecurityConfig.keycloakAuthenticationProvider(WebSecurityConfig.java:49) ~[classes/:na]
	at com.athentication.oauth2.security.WebSecurityConfig.keycloakAuthenticationProvider(WebSecurityConfig.java:49) ~[classes/:na]
	at com.athentication.oauth2.security.WebSecurityConfig.keycloakAuthenticationProvider(WebSecurityConfig.java:49) ~[classes/:na]
	at com.athentication.oauth2.security.WebSecurityConfig.keycloakAuthenticationProvider(WebSecurityConfig.java:49) ~[classes/:na]
	at com.athentication.oauth2.security.WebSecurityConfig.keycloakAuthenticationProvider(WebSecurityConfig.java:49) ~[classes/:na]
	at com.athentication.oauth2.security.WebSecurityConfig.keycloakAuthenticationProvider(WebSecurityConfig.java:49) ~[classes/:na]
	at com.athentication.oauth2.security.WebSecurityConfig.keycloakAuthenticationProvider(WebSecurityConfig.java:49) ~[classes/:na]
	at com.athentication.oauth2.security.WebSecurityConfig.keycloakAuthenticationProvider(WebSecurityConfig.java:49) ~[classes/:na]
	at com.athentication.oauth2.security.WebSecurityConfig.keycloakAuthenticationProvider(WebSecurityConfig.java:49) ~[classes/:na]
	at com.athentication.oauth2.security.WebSecurityConfig.keycloakAuthenticationProvider(WebSecurityConfig.java:49) ~[classes/:na]
	at com.athentication.oauth2.security.WebSecurityConfig.keycloakAuthenticationProvider(WebSecurityConfig.java:49) ~[classes/:na]
	at com.athentication.oauth2.security.WebSecurityConfig.keycloakAuthenticationProvider(WebSecurityConfig.java:49) ~[classes/:na]
	at com.athentication.oauth2.security.WebSecurityConfig.keycloakAuthenticationProvider(WebSecurityConfig.java:49) ~[classes/:na]
	at com.athentication.oauth2.security.WebSecurityConfig.keycloakAuthenticationProvider(WebSecurityConfig.java:49) ~[classes/:na]
	at com.athentication.oauth2.security.WebSecurityConfig.keycloakAuthenticationProvider(WebSecurityConfig.java:49) ~[classes/:na]
	at com.athentication.oauth2.security.WebSecurityConfig.keycloakAuthenticationProvider(WebSecurityConfig.java:49) ~[classes/:na]
	at com.athentication.oauth2.security.WebSecurityConfig.keycloakAuthenticationProvider(WebSecurityConfig.java:49) ~[classes/:na]
	at com.athentication.oauth2.security.WebSecurityConfig.keycloakAuthenticationProvider(WebSecurityConfig.java:49) ~[classes/:na]
	at com.athentication.oauth2.security.WebSecurityConfig.keycloakAuthenticationProvider(WebSecurityConfig.java:49) ~[classes/:na]
	at com.athentication.oauth2.security.WebSecurityConfig.keycloakAuthenticationProvider(WebSecurityConfig.java:49) ~[classes/:na]
	at com.athentication.oauth2.security.WebSecurityConfig.keycloakAuthenticationProvider(WebSecurityConfig.java:49) ~[classes/:na]
	at com.athentication.oauth2.security.WebSecurityConfig.keycloakAuthenticationProvider(WebSecurityConfig.java:49) ~[classes/:na]
	at com.athentication.oauth2.security.WebSecurityConfig.keycloakAuthenticationProvider(WebSecurityConfig.java:49) ~[classes/:na]
	at com.athentication.oauth2.security.WebSecurityConfig.keycloakAuthenticationProvider(WebSecurityConfig.java:49) ~[classes/:na]
	at com.athentication.oauth2.security.WebSecurityConfig.keycloakAuthenticationProvider(WebSecurityConfig.java:49) ~[classes/:na]
	at com.athentication.oauth2.security.WebSecurityConfig.keycloakAuthenticationProvider(WebSecurityConfig.java:49) ~[classes/:na]
	at com.athentication.oauth2.security.WebSecurityConfig.keycloakAuthenticationProvider(WebSecurityConfig.java:49) ~[classes/:na]
	at com.athentication.oauth2.security.WebSecurityConfig.keycloakAuthenticationProvider(WebSecurityConfig.java:49) ~[classes/:na]
	at com.athentication.oauth2.security.WebSecurityConfig.keycloakAuthenticationProvider(WebSecurityConfig.java:49) ~[classes/:na]
	at com.athentication.oauth2.security.WebSecurityConfig.keycloakAuthenticationProvider(WebSecurityConfig.java:49) ~[classes/:na]
	at com.athentication.oauth2.security.WebSecurityConfig.keycloakAuthenticationProvider(WebSecurityConfig.java:49) ~[classes/:na]
	at com.athentication.oauth2.security.WebSecurityConfig.keycloakAuthenticationProvider(WebSecurityConfig.java:49) ~[classes/:na]
	at com.athentication.oauth2.security.WebSecurityConfig.keycloakAuthenticationProvider(WebSecurityConfig.java:49) ~[classes/:na]
	at com.athentication.oauth2.security.WebSecurityConfig.keycloakAuthenticationProvider(WebSecurityConfig.java:49) ~[classes/:na]
	at com.athentication.oauth2.security.WebSecurityConfig.keycloakAuthenticationProvider(WebSecurityConfig.java:49) ~[classes/:na]
	at com.athentication.oauth2.security.WebSecurityConfig.keycloakAuthenticationProvider(WebSecurityConfig.java:49) ~[classes/:na]
	at com.athentication.oauth2.security.WebSecurityConfig.keycloakAuthenticationProvider(WebSecurityConfig.java:49) ~[classes/:na]
	at com.athentication.oauth2.security.WebSecurityConfig.keycloakAuthenticationProvider(WebSecurityConfig.java:49) ~[classes/:na]
	at com.athentication.oauth2.security.WebSecurityConfig.keycloakAuthenticationProvider(WebSecurityConfig.java:49) ~[classes/:na]
	at com.athentication.oauth2.security.WebSecurityConfig.keycloakAuthenticationProvider(WebSecurityConfig.java:49) ~[classes/:na]
	at com.athentication.oauth2.security.WebSecurityConfig.keycloakAuthenticationProvider(WebSecurityConfig.java:49) ~[classes/:na]
	at com.athentication.oauth2.security.WebSecurityConfig.keycloakAuthenticationProvider(WebSecurityConfig.java:49) ~[classes/:na]
	at com.athentication.oauth2.security.WebSecurityConfig.keycloakAuthenticationProvider(WebSecurityConfig.java:49) ~[classes/:na]
	at com.athentication.oauth2.security.WebSecurityConfig.keycloakAuthenticationProvider(WebSecurityConfig.java:49) ~[classes/:na]
	at com.athentication.oauth2.security.WebSecurityConfig.keycloakAuthenticationProvider(WebSecurityConfig.java:49) ~[classes/:na]
	at com.athentication.oauth2.security.WebSecurityConfig.keycloakAuthenticationProvider(WebSecurityConfig.java:49) ~[classes/:na]
	at com.athentication.oauth2.security.WebSecurityConfig.keycloakAuthenticationProvider(WebSecurityConfig.java:49) ~[classes/:na]
	at com.athentication.oauth2.security.WebSecurityConfig.keycloakAuthenticationProvider(WebSecurityConfig.java:49) ~[classes/:na]
	at com.athentication.oauth2.security.WebSecurityConfig.keycloakAuthenticationProvider(WebSecurityConfig.java:49) ~[classes/:na]
	at com.athentication.oauth2.security.WebSecurityConfig.keycloakAuthenticationProvider(WebSecurityConfig.java:49) ~[classes/:na]
	at com.athentication.oauth2.security.WebSecurityConfig.keycloakAuthenticationProvider(WebSecurityConfig.java:49) ~[classes/:na]
	at com.athentication.oauth2.security.WebSecurityConfig.keycloakAuthenticationProvider(WebSecurityConfig.java:49) ~[classes/:na]
	at com.athentication.oauth2.security.WebSecurityConfig.keycloakAuthenticationProvider(WebSecurityConfig.java:49) ~[classes/:na]
	at com.athentication.oauth2.security.WebSecurityConfig.keycloakAuthenticationProvider(WebSecurityConfig.java:49) ~[classes/:na]
	at com.athentication.oauth2.security.WebSecurityConfig.keycloakAuthenticationProvider(WebSecurityConfig.java:49) ~[classes/:na]
	at com.athentication.oauth2.security.WebSecurityConfig.keycloakAuthenticationProvider(WebSecurityConfig.java:49) ~[classes/:na]
	at com.athentication.oauth2.security.WebSecurityConfig.keycloakAuthenticationProvider(WebSecurityConfig.java:49) ~[classes/:na]
	at com.athentication.oauth2.security.WebSecurityConfig.keycloakAuthenticationProvider(WebSecurityConfig.java:49) ~[classes/:na]
	at com.athentication.oauth2.security.WebSecurityConfig.keycloakAuthenticationProvider(WebSecurityConfig.java:49) ~[classes/:na]
	at com.athentication.oauth2.security.WebSecurityConfig.keycloakAuthenticationProvider(WebSecurityConfig.java:49) ~[classes/:na]
	at com.athentication.oauth2.security.WebSecurityConfig.keycloakAuthenticationProvider(WebSecurityConfig.java:49) ~[classes/:na]
	at com.athentication.oauth2.security.WebSecurityConfig.keycloakAuthenticationProvider(WebSecurityConfig.java:49) ~[classes/:na]
	at com.athentication.oauth2.security.WebSecurityConfig.keycloakAuthenticationProvider(WebSecurityConfig.java:49) ~[classes/:na]
	at com.athentication.oauth2.security.WebSecurityConfig.keycloakAuthenticationProvider(WebSecurityConfig.java:49) ~[classes/:na]
	at com.athentication.oauth2.security.WebSecurityConfig.keycloakAuthenticationProvider(WebSecurityConfig.java:49) ~[classes/:na]
	at com.athentication.oauth2.security.WebSecurityConfig.keycloakAuthenticationProvider(WebSecurityConfig.java:49) ~[classes/:na]
	at com.athentication.oauth2.security.WebSecurityConfig.keycloakAuthenticationProvider(WebSecurityConfig.java:49) ~[classes/:na]
	at com.athentication.oauth2.security.WebSecurityConfig.keycloakAuthenticationProvider(WebSecurityConfig.java:49) ~[classes/:na]
	at com.athentication.oauth2.security.WebSecurityConfig.keycloakAuthenticationProvider(WebSecurityConfig.java:49) ~[classes/:na]
	at com.athentication.oauth2.security.WebSecurityConfig.keycloakAuthenticationProvider(WebSecurityConfig.java:49) ~[classes/:na]
	at com.athentication.oauth2.security.WebSecurityConfig.keycloakAuthenticationProvider(WebSecurityConfig.java:49) ~[classes/:na]
	at com.athentication.oauth2.security.WebSecurityConfig.keycloakAuthenticationProvider(WebSecurityConfig.java:49) ~[classes/:na]
	at com.athentication.oauth2.security.WebSecurityConfig.keycloakAuthenticationProvider(WebSecurityConfig.java:49) ~[classes/:na]
	at com.athentication.oauth2.security.WebSecurityConfig.keycloakAuthenticationProvider(WebSecurityConfig.java:49) ~[classes/:na]
	at com.athentication.oauth2.security.WebSecurityConfig.keycloakAuthenticationProvider(WebSecurityConfig.java:49) ~[classes/:na]
	at com.athentication.oauth2.security.WebSecurityConfig.keycloakAuthenticationProvider(WebSecurityConfig.java:49) ~[classes/:na]
	at com.athentication.oauth2.security.WebSecurityConfig.keycloakAuthenticationProvider(WebSecurityConfig.java:49) ~[classes/:na]
	at com.athentication.oauth2.security.WebSecurityConfig.keycloakAuthenticationProvider(WebSecurityConfig.java:49) ~[classes/:na]
	at com.athentication.oauth2.security.WebSecurityConfig.keycloakAuthenticationProvider(WebSecurityConfig.java:49) ~[classes/:na]
	at com.athentication.oauth2.security.WebSecurityConfig.keycloakAuthenticationProvider(WebSecurityConfig.java:49) ~[classes/:na]
	at com.athentication.oauth2.security.WebSecurityConfig.keycloakAuthenticationProvider(WebSecurityConfig.java:49) ~[classes/:na]
	at com.athentication.oauth2.security.WebSecurityConfig.keycloakAuthenticationProvider(WebSecurityConfig.java:49) ~[classes/:na]
	at com.athentication.oauth2.security.WebSecurityConfig.keycloakAuthenticationProvider(WebSecurityConfig.java:49) ~[classes/:na]
	at com.athentication.oauth2.security.WebSecurityConfig.keycloakAuthenticationProvider(WebSecurityConfig.java:49) ~[classes/:na]
	at com.athentication.oauth2.security.WebSecurityConfig.keycloakAuthenticationProvider(WebSecurityConfig.java:49) ~[classes/:na]
	at com.athentication.oauth2.security.WebSecurityConfig.keycloakAuthenticationProvider(WebSecurityConfig.java:49) ~[classes/:na]
	at com.athentication.oauth2.security.WebSecurityConfig.keycloakAuthenticationProvider(WebSecurityConfig.java:49) ~[classes/:na]
	at com.athentication.oauth2.security.WebSecurityConfig.keycloakAuthenticationProvider(WebSecurityConfig.java:49) ~[classes/:na]
	at com.athentication.oauth2.security.WebSecurityConfig.keycloakAuthenticationProvider(WebSecurityConfig.java:49) ~[classes/:na]
	at com.athentication.oauth2.security.WebSecurityConfig.keycloakAuthenticationProvider(WebSecurityConfig.java:49) ~[classes/:na]
	at com.athentication.oauth2.security.WebSecurityConfig.keycloakAuthenticationProvider(WebSecurityConfig.java:49) ~[classes/:na]
	at com.athentication.oauth2.security.WebSecurityConfig.keycloakAuthenticationProvider(WebSecurityConfig.java:49) ~[classes/:na]
	at com.athentication.oauth2.security.WebSecurityConfig.keycloakAuthenticationProvider(WebSecurityConfig.java:49) ~[classes/:na]
	at com.athentication.oauth2.security.WebSecurityConfig.keycloakAuthenticationProvider(WebSecurityConfig.java:49) ~[classes/:na]
	at com.athentication.oauth2.security.WebSecurityConfig.keycloakAuthenticationProvider(WebSecurityConfig.java:49) ~[classes/:na]
	at com.athentication.oauth2.security.WebSecurityConfig.keycloakAuthenticationProvider(WebSecurityConfig.java:49) ~[classes/:na]
	at com.athentication.oauth2.security.WebSecurityConfig.keycloakAuthenticationProvider(WebSecurityConfig.java:49) ~[classes/:na]
	at com.athentication.oauth2.security.WebSecurityConfig.keycloakAuthenticationProvider(WebSecurityConfig.java:49) ~[classes/:na]
	at com.athentication.oauth2.security.WebSecurityConfig.keycloakAuthenticationProvider(WebSecurityConfig.java:49) ~[classes/:na]
	at com.athentication.oauth2.security.WebSecurityConfig.keycloakAuthenticationProvider(WebSecurityConfig.java:49) ~[classes/:na]
	at com.athentication.oauth2.security.WebSecurityConfig.keycloakAuthenticationProvider(WebSecurityConfig.java:49) ~[classes/:na]
	at com.athentication.oauth2.security.WebSecurityConfig.keycloakAuthenticationProvider(WebSecurityConfig.java:49) ~[classes/:na]
	at com.athentication.oauth2.security.WebSecurityConfig.keycloakAuthenticationProvider(WebSecurityConfig.java:49) ~[classes/:na]
	at com.athentication.oauth2.security.WebSecurityConfig.keycloakAuthenticationProvider(WebSecurityConfig.java:49) ~[classes/:na]
	at com.athentication.oauth2.security.WebSecurityConfig.keycloakAuthenticationProvider(WebSecurityConfig.java:49) ~[classes/:na]
	at com.athentication.oauth2.security.WebSecurityConfig.keycloakAuthenticationProvider(WebSecurityConfig.java:49) ~[classes/:na]
	at com.athentication.oauth2.security.WebSecurityConfig.keycloakAuthenticationProvider(WebSecurityConfig.java:49) ~[classes/:na]
	at com.athentication.oauth2.security.WebSecurityConfig.keycloakAuthenticationProvider(WebSecurityConfig.java:49) ~[classes/:na]
	at com.athentication.oauth2.security.WebSecurityConfig.keycloakAuthenticationProvider(WebSecurityConfig.java:49) ~[classes/:na]
	at com.athentication.oauth2.security.WebSecurityConfig.keycloakAuthenticationProvider(WebSecurityConfig.java:49) ~[classes/:na]
	at com.athentication.oauth2.security.WebSecurityConfig.keycloakAuthenticationProvider(WebSecurityConfig.java:49) ~[classes/:na]
	at com.athentication.oauth2.security.WebSecurityConfig.keycloakAuthenticationProvider(WebSecurityConfig.java:49) ~[classes/:na]
	at com.athentication.oauth2.security.WebSecurityConfig.keycloakAuthenticationProvider(WebSecurityConfig.java:49) ~[classes/:na]
	at com.athentication.oauth2.security.WebSecurityConfig.keycloakAuthenticationProvider(WebSecurityConfig.java:49) ~[classes/:na]
	at com.athentication.oauth2.security.WebSecurityConfig.keycloakAuthenticationProvider(WebSecurityConfig.java:49) ~[classes/:na]
	at com.athentication.oauth2.security.WebSecurityConfig.keycloakAuthenticationProvider(WebSecurityConfig.java:49) ~[classes/:na]
	at com.athentication.oauth2.security.WebSecurityConfig.keycloakAuthenticationProvider(WebSecurityConfig.java:49) ~[classes/:na]
	at com.athentication.oauth2.security.WebSecurityConfig.keycloakAuthenticationProvider(WebSecurityConfig.java:49) ~[classes/:na]
	at com.athentication.oauth2.security.WebSecurityConfig.keycloakAuthenticationProvider(WebSecurityConfig.java:49) ~[classes/:na]
	at com.athentication.oauth2.security.WebSecurityConfig.keycloakAuthenticationProvider(WebSecurityConfig.java:49) ~[classes/:na]
	at com.athentication.oauth2.security.WebSecurityConfig.keycloakAuthenticationProvider(WebSecurityConfig.java:49) ~[classes/:na]
	at com.athentication.oauth2.security.WebSecurityConfig.keycloakAuthenticationProvider(WebSecurityConfig.java:49) ~[classes/:na]
	at com.athentication.oauth2.security.WebSecurityConfig.keycloakAuthenticationProvider(WebSecurityConfig.java:49) ~[classes/:na]
	at com.athentication.oauth2.security.WebSecurityConfig.keycloakAuthenticationProvider(WebSecurityConfig.java:49) ~[classes/:na]
	at com.athentication.oauth2.security.WebSecurityConfig.keycloakAuthenticationProvider(WebSecurityConfig.java:49) ~[classes/:na]
	at com.athentication.oauth2.security.WebSecurityConfig.keycloakAuthenticationProvider(WebSecurityConfig.java:49) ~[classes/:na]
	at com.athentication.oauth2.security.WebSecurityConfig.keycloakAuthenticationProvider(WebSecurityConfig.java:49) ~[classes/:na]
	at com.athentication.oauth2.security.WebSecurityConfig.keycloakAuthenticationProvider(WebSecurityConfig.java:49) ~[classes/:na]
	at com.athentication.oauth2.security.WebSecurityConfig.keycloakAuthenticationProvider(WebSecurityConfig.java:49) ~[classes/:na]
	at com.athentication.oauth2.security.WebSecurityConfig.keycloakAuthenticationProvider(WebSecurityConfig.java:49) ~[classes/:na]
	at com.athentication.oauth2.security.WebSecurityConfig.keycloakAuthenticationProvider(WebSecurityConfig.java:49) ~[classes/:na]
	at com.athentication.oauth2.security.WebSecurityConfig.keycloakAuthenticationProvider(WebSecurityConfig.java:49) ~[classes/:na]
	at com.athentication.oauth2.security.WebSecurityConfig.keycloakAuthenticationProvider(WebSecurityConfig.java:49) ~[classes/:na]
	at com.athentication.oauth2.security.WebSecurityConfig.keycloakAuthenticationProvider(WebSecurityConfig.java:49) ~[classes/:na]
	at com.athentication.oauth2.security.WebSecurityConfig.keycloakAuthenticationProvider(WebSecurityConfig.java:49) ~[classes/:na]
	at com.athentication.oauth2.security.WebSecurityConfig.keycloakAuthenticationProvider(WebSecurityConfig.java:49) ~[classes/:na]
	at com.athentication.oauth2.security.WebSecurityConfig.keycloakAuthenticationProvider(WebSecurityConfig.java:49) ~[classes/:na]
	at com.athentication.oauth2.security.WebSecurityConfig.keycloakAuthenticationProvider(WebSecurityConfig.java:49) ~[classes/:na]
	at com.athentication.oauth2.security.WebSecurityConfig.keycloakAuthenticationProvider(WebSecurityConfig.java:49) ~[classes/:na]
	at com.athentication.oauth2.security.WebSecurityConfig.keycloakAuthenticationProvider(WebSecurityConfig.java:49) ~[classes/:na]
	at com.athentication.oauth2.security.WebSecurityConfig.keycloakAuthenticationProvider(WebSecurityConfig.java:49) ~[classes/:na]
	at com.athentication.oauth2.security.WebSecurityConfig.keycloakAuthenticationProvider(WebSecurityConfig.java:49) ~[classes/:na]
	at com.athentication.oauth2.security.WebSecurityConfig.keycloakAuthenticationProvider(WebSecurityConfig.java:49) ~[classes/:na]
	at com.athentication.oauth2.security.WebSecurityConfig.keycloakAuthenticationProvider(WebSecurityConfig.java:49) ~[classes/:na]
	at com.athentication.oauth2.security.WebSecurityConfig.keycloakAuthenticationProvider(WebSecurityConfig.java:49) ~[classes/:na]
	at com.athentication.oauth2.security.WebSecurityConfig.keycloakAuthenticationProvider(WebSecurityConfig.java:49) ~[classes/:na]
	at com.athentication.oauth2.security.WebSecurityConfig.keycloakAuthenticationProvider(WebSecurityConfig.java:49) ~[classes/:na]
	at com.athentication.oauth2.security.WebSecurityConfig.keycloakAuthenticationProvider(WebSecurityConfig.java:49) ~[classes/:na]
	at com.athentication.oauth2.security.WebSecurityConfig.keycloakAuthenticationProvider(WebSecurityConfig.java:49) ~[classes/:na]
	at com.athentication.oauth2.security.WebSecurityConfig.keycloakAuthenticationProvider(WebSecurityConfig.java:49) ~[classes/:na]
	at com.athentication.oauth2.security.WebSecurityConfig.keycloakAuthenticationProvider(WebSecurityConfig.java:49) ~[classes/:na]
	at com.athentication.oauth2.security.WebSecurityConfig.keycloakAuthenticationProvider(WebSecurityConfig.java:49) ~[classes/:na]
	at com.athentication.oauth2.security.WebSecurityConfig.keycloakAuthenticationProvider(WebSecurityConfig.java:49) ~[classes/:na]
	at com.athentication.oauth2.security.WebSecurityConfig.keycloakAuthenticationProvider(WebSecurityConfig.java:49) ~[classes/:na]
	at com.athentication.oauth2.security.WebSecurityConfig.keycloakAuthenticationProvider(WebSecurityConfig.java:49) ~[classes/:na]
	at com.athentication.oauth2.security.WebSecurityConfig.keycloakAuthenticationProvider(WebSecurityConfig.java:49) ~[classes/:na]
	at com.athentication.oauth2.security.WebSecurityConfig.keycloakAuthenticationProvider(WebSecurityConfig.java:49) ~[classes/:na]
	at com.athentication.oauth2.security.WebSecurityConfig.keycloakAuthenticationProvider(WebSecurityConfig.java:49) ~[classes/:na]
	at com.athentication.oauth2.security.WebSecurityConfig.keycloakAuthenticationProvider(WebSecurityConfig.java:49) ~[classes/:na]
	at com.athentication.oauth2.security.WebSecurityConfig.keycloakAuthenticationProvider(WebSecurityConfig.java:49) ~[classes/:na]
	at com.athentication.oauth2.security.WebSecurityConfig.keycloakAuthenticationProvider(WebSecurityConfig.java:49) ~[classes/:na]
[...]
	at com.athentication.oauth2.security.WebSecurityConfig.keycloakAuthenticationProvider(WebSecurityConfig.java:49) ~[classes/:na]
	at com.athentication.oauth2.security.WebSecurityConfig.keycloakAuthenticationProvider(WebSecurityConfig.java:49) ~[classes/:na]
	at com.athentication.oauth2.security.WebSecurityConfig.keycloakAuthenticationProvider(WebSecurityConfig.java:49) ~[classes/:na]
	at com.athentication.oauth2.security.WebSecurityConfig.keycloakAuthenticationProvider(WebSecurityConfig.java:49) ~[classes/:na]
	at com.athentication.oauth2.security.WebSecurityConfig.keycloakAuthenticationProvider(WebSecurityConfig.java:49) ~[classes/:na]
	at com.athentication.oauth2.security.WebSecurityConfig.keycloakAuthenticationProvider(WebSecurityConfig.java:49) ~[classes/:na]
	at com.athentication.oauth2.security.WebSecurityConfig.keycloakAuthenticationProvider(WebSecurityConfig.java:49) ~[classes/:na]
	at com.athentication.oauth2.security.WebSecurityConfig.keycloakAuthenticationProvider(WebSecurityConfig.java:49) ~[classes/:na]
	at com.athentication.oauth2.security.WebSecurityConfig.keycloakAuthenticationProvider(WebSecurityConfig.java:49) ~[classes/:na]
	at com.athentication.oauth2.security.WebSecurityConfig.keycloakAuthenticationProvider(WebSecurityConfig.java:49) ~[classes/:na]
	at com.athentication.oauth2.security.WebSecurityConfig.keycloakAuthenticationProvider(WebSecurityConfig.java:49) ~[classes/:na]
	at com.athentication.oauth2.security.WebSecurityConfig.keycloakAuthenticationProvider(WebSecurityConfig.java:49) ~[classes/:na]
	at com.athentication.oauth2.security.WebSecurityConfig.keycloakAuthenticationProvider(WebSecurityConfig.java:49) ~[classes/:na]
	at com.athentication.oauth2.security.WebSecurityConfig.keycloakAuthenticationProvider(WebSecurityConfig.java:49) ~[classes/:na]
	at com.athentication.oauth2.security.WebSecurityConfig.keycloakAuthenticationProvider(WebSecurityConfig.java:49) ~[classes/:na]
	at com.athentication.oauth2.security.WebSecurityConfig.keycloakAuthenticationProvider(WebSecurityConfig.java:49) ~[classes/:na]
	at com.athentication.oauth2.security.WebSecurityConfig.keycloakAuthenticationProvider(WebSecurityConfig.java:49) ~[classes/:na]
	at com.athentication.oauth2.security.WebSecurityConfig.keycloakAuthenticationProvider(WebSecurityConfig.java:49) ~[classes/:na]
	at com.athentication.oauth2.security.WebSecurityConfig.keycloakAuthenticationProvider(WebSecurityConfig.java:49) ~[classes/:na]
	at com.athentication.oauth2.security.WebSecurityConfig.keycloakAuthenticationProvider(WebSecurityConfig.java:49) ~[classes/:na]
	at com.athentication.oauth2.security.WebSecurityConfig.keycloakAuthenticationProvider(WebSecurityConfig.java:49) ~[classes/:na]
	at com.athentication.oauth2.security.WebSecurityConfig.keycloakAuthenticationProvider(WebSecurityConfig.java:49) ~[classes/:na]
	at com.athentication.oauth2.security.WebSecurityConfig.keycloakAuthenticationProvider(WebSecurityConfig.java:49) ~[classes/:na]
	at com.athentication.oauth2.security.WebSecurityConfig.keycloakAuthenticationProvider(WebSecurityConfig.java:49) ~[classes/:na]
	at com.athentication.oauth2.security.WebSecurityConfig.keycloakAuthenticationProvider(WebSecurityConfig.java:49) ~[classes/:na]
	at com.athentication.oauth2.security.WebSecurityConfig.keycloakAuthenticationProvider(WebSecurityConfig.java:49) ~[classes/:na]
	at com.athentication.oauth2.security.WebSecurityConfig.keycloakAuthenticationProvider(WebSecurityConfig.java:49) ~[classes/:na]
	at com.athentication.oauth2.security.WebSecurityConfig.keycloakAuthenticationProvider(WebSecurityConfig.java:49) ~[classes/:na]
	at com.athentication.oauth2.security.WebSecurityConfig.keycloakAuthenticationProvider(WebSecurityConfig.java:49) ~[classes/:na]
	at com.athentication.oauth2.security.WebSecurityConfig.keycloakAuthenticationProvider(WebSecurityConfig.java:49) ~[classes/:na]
	at com.athentication.oauth2.security.WebSecurityConfig.keycloakAuthenticationProvider(WebSecurityConfig.java:49) ~[classes/:na]
	at com.athentication.oauth2.security.WebSecurityConfig.keycloakAuthenticationProvider(WebSecurityConfig.java:49) ~[classes/:na]
	at com.athentication.oauth2.security.WebSecurityConfig.keycloakAuthenticationProvider(WebSecurityConfig.java:49) ~[classes/:na]
	at com.athentication.oauth2.security.WebSecurityConfig.keycloakAuthenticationProvider(WebSecurityConfig.java:49) ~[classes/:na]
	at com.athentication.oauth2.security.WebSecurityConfig.keycloakAuthenticationProvider(WebSecurityConfig.java:49) ~[classes/:na]
	at com.athentication.oauth2.security.WebSecurityConfig.keycloakAuthenticationProvider(WebSecurityConfig.java:49) ~[classes/:na]
	at com.athentication.oauth2.security.WebSecurityConfig.keycloakAuthenticationProvider(WebSecurityConfig.java:49) ~[classes/:na]
	at com.athentication.oauth2.security.WebSecurityConfig.keycloakAuthenticationProvider(WebSecurityConfig.java:49) ~[classes/:na]
	at com.athentication.oauth2.security.WebSecurityConfig.keycloakAuthenticationProvider(WebSecurityConfig.java:49) ~[classes/:na]
	at com.athentication.oauth2.security.WebSecurityConfig.keycloakAuthenticationProvider(WebSecurityConfig.java:49) ~[classes/:na]
	at com.athentication.oauth2.security.WebSecurityConfig.keycloakAuthenticationProvider(WebSecurityConfig.java:49) ~[classes/:na]
	at com.athentication.oauth2.security.WebSecurityConfig.keycloakAuthenticationProvider(WebSecurityConfig.java:49) ~[classes/:na]
	at com.athentication.oauth2.security.WebSecurityConfig.keycloakAuthenticationProvider(WebSecurityConfig.java:49) ~[classes/:na]
	at com.athentication.oauth2.security.WebSecurityConfig.keycloakAuthenticationProvider(WebSecurityConfig.java:49) ~[classes/:na]
	at com.athentication.oauth2.security.WebSecurityConfig.keycloakAuthenticationProvider(WebSecurityConfig.java:49) ~[classes/:na]
	at com.athentication.oauth2.security.WebSecurityConfig.keycloakAuthenticationProvider(WebSecurityConfig.java:49) ~[classes/:na]
	at com.athentication.oauth2.security.WebSecurityConfig.keycloakAuthenticationProvider(WebSecurityConfig.java:49) ~[classes/:na]
	at com.athentication.oauth2.security.WebSecurityConfig.keycloakAuthenticationProvider(WebSecurityConfig.java:49) ~[classes/:na]
	at com.athentication.oauth2.security.WebSecurityConfig.keycloakAuthenticationProvider(WebSecurityConfig.java:49) ~[classes/:na]
	at com.athentication.oauth2.security.WebSecurityConfig.keycloakAuthenticationProvider(WebSecurityConfig.java:49) ~[classes/:na]
	at com.athentication.oauth2.security.WebSecurityConfig.keycloakAuthenticationProvider(WebSecurityConfig.java:49) ~[classes/:na]
	at com.athentication.oauth2.security.WebSecurityConfig.keycloakAuthenticationProvider(WebSecurityConfig.java:49) ~[classes/:na]
	at com.athentication.oauth2.security.WebSecurityConfig.keycloakAuthenticationProvider(WebSecurityConfig.java:49) ~[classes/:na]
	at com.athentication.oauth2.security.WebSecurityConfig.keycloakAuthenticationProvider(WebSecurityConfig.java:49) ~[classes/:na]
	at com.athentication.oauth2.security.WebSecurityConfig.keycloakAuthenticationProvider(WebSecurityConfig.java:49) ~[classes/:na]
	at com.athentication.oauth2.security.WebSecurityConfig.keycloakAuthenticationProvider(WebSecurityConfig.java:49) ~[classes/:na]
	at com.athentication.oauth2.security.WebSecurityConfig.keycloakAuthenticationProvider(WebSecurityConfig.java:49) ~[classes/:na]
	at com.athentication.oauth2.security.WebSecurityConfig.keycloakAuthenticationProvider(WebSecurityConfig.java:49) ~[classes/:na]
	at com.athentication.oauth2.security.WebSecurityConfig.keycloakAuthenticationProvider(WebSecurityConfig.java:49) ~[classes/:na]
	at com.athentication.oauth2.security.WebSecurityConfig.keycloakAuthenticationProvider(WebSecurityConfig.java:49) ~[classes/:na]
	at com.athentication.oauth2.security.WebSecurityConfig.keycloakAuthenticationProvider(WebSecurityConfig.java:49) ~[classes/:na]
	at com.athentication.oauth2.security.WebSecurityConfig.keycloakAuthenticationProvider(WebSecurityConfig.java:49) ~[classes/:na]
	at com.athentication.oauth2.security.WebSecurityConfig.keycloakAuthenticationProvider(WebSecurityConfig.java:49) ~[classes/:na]
	at com.athentication.oauth2.security.WebSecurityConfig.keycloakAuthenticationProvider(WebSecurityConfig.java:49) ~[classes/:na]
	at com.athentication.oauth2.security.WebSecurityConfig.keycloakAuthenticationProvider(WebSecurityConfig.java:49) ~[classes/:na]
	at com.athentication.oauth2.security.WebSecurityConfig.keycloakAuthenticationProvider(WebSecurityConfig.java:49) ~[classes/:na]
	at com.athentication.oauth2.security.WebSecurityConfig.keycloakAuthenticationProvider(WebSecurityConfig.java:49) ~[classes/:na]
	at com.athentication.oauth2.security.WebSecurityConfig.keycloakAuthenticationProvider(WebSecurityConfig.java:49) ~[classes/:na]
	at com.athentication.oauth2.security.WebSecurityConfig.keycloakAuthenticationProvider(WebSecurityConfig.java:49) ~[classes/:na]
	at com.athentication.oauth2.security.WebSecurityConfig.keycloakAuthenticationProvider(WebSecurityConfig.java:49) ~[classes/:na]
	at com.athentication.oauth2.security.WebSecurityConfig.keycloakAuthenticationProvider(WebSecurityConfig.java:49) ~[classes/:na]
	at com.athentication.oauth2.security.WebSecurityConfig.keycloakAuthenticationProvider(WebSecurityConfig.java:49) ~[classes/:na]
	at com.athentication.oauth2.security.WebSecurityConfig.keycloakAuthenticationProvider(WebSecurityConfig.java:49) ~[classes/:na]
	at com.athentication.oauth2.security.WebSecurityConfig.keycloakAuthenticationProvider(WebSecurityConfig.java:49) ~[classes/:na]
	at com.athentication.oauth2.security.WebSecurityConfig.keycloakAuthenticationProvider(WebSecurityConfig.java:49) ~[classes/:na]
	at com.athentication.oauth2.security.WebSecurityConfig.keycloakAuthenticationProvider(WebSecurityConfig.java:49) ~[classes/:na]
	at com.athentication.oauth2.security.WebSecurityConfig.keycloakAuthenticationProvider(WebSecurityConfig.java:49) ~[classes/:na]
	at com.athentication.oauth2.security.WebSecurityConfig.keycloakAuthenticationProvider(WebSecurityConfig.java:49) ~[classes/:na]
	at com.athentication.oauth2.security.WebSecurityConfig.keycloakAuthenticationProvider(WebSecurityConfig.java:49) ~[classes/:na]
	at com.athentication.oauth2.security.WebSecurityConfig.keycloakAuthenticationProvider(WebSecurityConfig.java:49) ~[classes/:na]
	at com.athentication.oauth2.security.WebSecurityConfig.keycloakAuthenticationProvider(WebSecurityConfig.java:49) ~[classes/:na]
	at com.athentication.oauth2.security.WebSecurityConfig.keycloakAuthenticationProvider(WebSecurityConfig.java:49) ~[classes/:na]
	at com.athentication.oauth2.security.WebSecurityConfig.keycloakAuthenticationProvider(WebSecurityConfig.java:49) ~[classes/:na]
	at com.athentication.oauth2.security.WebSecurityConfig.keycloakAuthenticationProvider(WebSecurityConfig.java:49) ~[classes/:na]
	at com.athentication.oauth2.security.WebSecurityConfig.keycloakAuthenticationProvider(WebSecurityConfig.java:49) ~[classes/:na]
	at com.athentication.oauth2.security.WebSecurityConfig.keycloakAuthenticationProvider(WebSecurityConfig.java:49) ~[classes/:na]
	at com.athentication.oauth2.security.WebSecurityConfig.keycloakAuthenticationProvider(WebSecurityConfig.java:49) ~[classes/:na]
	at com.athentication.oauth2.security.WebSecurityConfig.keycloakAuthenticationProvider(WebSecurityConfig.java:49) ~[classes/:na]
	at com.athentication.oauth2.security.WebSecurityConfig.keycloakAuthenticationProvider(WebSecurityConfig.java:49) ~[classes/:na]
	at com.athentication.oauth2.security.WebSecurityConfig.keycloakAuthenticationProvider(WebSecurityConfig.java:49) ~[classes/:na]
	at com.athentication.oauth2.security.WebSecurityConfig.keycloakAuthenticationProvider(WebSecurityConfig.java:49) ~[classes/:na]
	at com.athentication.oauth2.security.WebSecurityConfig.keycloakAuthenticationProvider(WebSecurityConfig.java:49) ~[classes/:na]
	at com.athentication.oauth2.security.WebSecurityConfig.keycloakAuthenticationProvider(WebSecurityConfig.java:49) ~[classes/:na]
	at com.athentication.oauth2.security.WebSecurityConfig.keycloakAuthenticationProvider(WebSecurityConfig.java:49) ~[classes/:na]
	at com.athentication.oauth2.security.WebSecurityConfig.keycloakAuthenticationProvider(WebSecurityConfig.java:49) ~[classes/:na]
	at com.athentication.oauth2.security.WebSecurityConfig.keycloakAuthenticationProvider(WebSecurityConfig.java:49) ~[classes/:na]
	at com.athentication.oauth2.security.WebSecurityConfig.keycloakAuthenticationProvider(WebSecurityConfig.java:49) ~[classes/:na]
	at com.athentication.oauth2.security.WebSecurityConfig.keycloakAuthenticationProvider(WebSecurityConfig.java:49) ~[classes/:na]
	at com.athentication.oauth2.security.WebSecurityConfig.keycloakAuthenticationProvider(WebSecurityConfig.java:49) ~[classes/:na]
	at com.athentication.oauth2.security.WebSecurityConfig.keycloakAuthenticationProvider(WebSecurityConfig.java:49) ~[classes/:na]
	at com.athentication.oauth2.security.WebSecurityConfig.keycloakAuthenticationProvider(WebSecurityConfig.java:49) ~[classes/:na]
	at com.athentication.oauth2.security.WebSecurityConfig.keycloakAuthenticationProvider(WebSecurityConfig.java:49) ~[classes/:na]
	at com.athentication.oauth2.security.WebSecurityConfig.keycloakAuthenticationProvider(WebSecurityConfig.java:49) ~[classes/:na]
	at com.athentication.oauth2.security.WebSecurityConfig.keycloakAuthenticationProvider(WebSecurityConfig.java:49) ~[classes/:na]
	at com.athentication.oauth2.security.WebSecurityConfig.keycloakAuthenticationProvider(WebSecurityConfig.java:49) ~[classes/:na]
	at com.athentication.oauth2.security.WebSecurityConfig.keycloakAuthenticationProvider(WebSecurityConfig.java:49) ~[classes/:na]
	at com.athentication.oauth2.security.WebSecurityConfig.keycloakAuthenticationProvider(WebSecurityConfig.java:49) ~[classes/:na]
	at com.athentication.oauth2.security.WebSecurityConfig.keycloakAuthenticationProvider(WebSecurityConfig.java:49) ~[classes/:na]
	at com.athentication.oauth2.security.WebSecurityConfig.keycloakAuthenticationProvider(WebSecurityConfig.java:49) ~[classes/:na]
	at com.athentication.oauth2.security.WebSecurityConfig.keycloakAuthenticationProvider(WebSecurityConfig.java:49) ~[classes/:na]
	at com.athentication.oauth2.security.WebSecurityConfig.keycloakAuthenticationProvider(WebSecurityConfig.java:49) ~[classes/:na]
	at com.athentication.oauth2.security.WebSecurityConfig.keycloakAuthenticationProvider(WebSecurityConfig.java:49) ~[classes/:na]
	at com.athentication.oauth2.security.WebSecurityConfig.keycloakAuthenticationProvider(WebSecurityConfig.java:49) ~[classes/:na]
	at com.athentication.oauth2.security.WebSecurityConfig.keycloakAuthenticationProvider(WebSecurityConfig.java:49) ~[classes/:na]
	at com.athentication.oauth2.security.WebSecurityConfig.keycloakAuthenticationProvider(WebSecurityConfig.java:49) ~[classes/:na]
	at com.athentication.oauth2.security.WebSecurityConfig.keycloakAuthenticationProvider(WebSecurityConfig.java:49) ~[classes/:na]
	at com.athentication.oauth2.security.WebSecurityConfig.keycloakAuthenticationProvider(WebSecurityConfig.java:49) ~[classes/:na]
	at com.athentication.oauth2.security.WebSecurityConfig.keycloakAuthenticationProvider(WebSecurityConfig.java:49) ~[classes/:na]
	at com.athentication.oauth2.security.WebSecurityConfig.keycloakAuthenticationProvider(WebSecurityConfig.java:49) ~[classes/:na]
	at com.athentication.oauth2.security.WebSecurityConfig.keycloakAuthenticationProvider(WebSecurityConfig.java:49) ~[classes/:na]
	at com.athentication.oauth2.security.WebSecurityConfig.keycloakAuthenticationProvider(WebSecurityConfig.java:49) ~[classes/:na]
	at com.athentication.oauth2.security.WebSecurityConfig.keycloakAuthenticationProvider(WebSecurityConfig.java:49) ~[classes/:na]
	at com.athentication.oauth2.security.WebSecurityConfig.keycloakAuthenticationProvider(WebSecurityConfig.java:49) ~[classes/:na]
	at com.athentication.oauth2.security.WebSecurityConfig.keycloakAuthenticationProvider(WebSecurityConfig.java:49) ~[classes/:na]
	at com.athentication.oauth2.security.WebSecurityConfig.keycloakAuthenticationProvider(WebSecurityConfig.java:49) ~[classes/:na]
	at com.athentication.oauth2.security.WebSecurityConfig.keycloakAuthenticationProvider(WebSecurityConfig.java:49) ~[classes/:na]
	at com.athentication.oauth2.security.WebSecurityConfig.keycloakAuthenticationProvider(WebSecurityConfig.java:49) ~[classes/:na]
	at com.athentication.oauth2.security.WebSecurityConfig.keycloakAuthenticationProvider(WebSecurityConfig.java:49) ~[classes/:na]
	at com.athentication.oauth2.security.WebSecurityConfig.keycloakAuthenticationProvider(WebSecurityConfig.java:49) ~[classes/:na]
	at com.athentication.oauth2.security.WebSecurityConfig.keycloakAuthenticationProvider(WebSecurityConfig.java:49) ~[classes/:na]
	at com.athentication.oauth2.security.WebSecurityConfig.keycloakAuthenticationProvider(WebSecurityConfig.java:49) ~[classes/:na]
	at com.athentication.oauth2.security.WebSecurityConfig.keycloakAuthenticationProvider(WebSecurityConfig.java:49) ~[classes/:na]
	at com.athentication.oauth2.security.WebSecurityConfig.keycloakAuthenticationProvider(WebSecurityConfig.java:49) ~[classes/:na]
	at com.athentication.oauth2.security.WebSecurityConfig.keycloakAuthenticationProvider(WebSecurityConfig.java:49) ~[classes/:na]
	at com.athentication.oauth2.security.WebSecurityConfig.keycloakAuthenticationProvider(WebSecurityConfig.java:49) ~[classes/:na]
	at com.athentication.oauth2.security.WebSecurityConfig.keycloakAuthenticationProvider(WebSecurityConfig.java:49) ~[classes/:na]
	at com.athentication.oauth2.security.WebSecurityConfig.keycloakAuthenticationProvider(WebSecurityConfig.java:49) ~[classes/:na]
	at com.athentication.oauth2.security.WebSecurityConfig.keycloakAuthenticationProvider(WebSecurityConfig.java:49) ~[classes/:na]
	at com.athentication.oauth2.security.WebSecurityConfig.keycloakAuthenticationProvider(WebSecurityConfig.java:49) ~[classes/:na]
	at com.athentication.oauth2.security.WebSecurityConfig.keycloakAuthenticationProvider(WebSecurityConfig.java:49) ~[classes/:na]
	at com.athentication.oauth2.security.WebSecurityConfig.keycloakAuthenticationProvider(WebSecurityConfig.java:49) ~[classes/:na]
	at com.athentication.oauth2.security.WebSecurityConfig.keycloakAuthenticationProvider(WebSecurityConfig.java:49) ~[classes/:na]
	at com.athentication.oauth2.security.WebSecurityConfig.keycloakAuthenticationProvider(WebSecurityConfig.java:49) ~[classes/:na]
	at com.athentication.oauth2.security.WebSecurityConfig.keycloakAuthenticationProvider(WebSecurityConfig.java:49) ~[classes/:na]
	at com.athentication.oauth2.security.WebSecurityConfig.keycloakAuthenticationProvider(WebSecurityConfig.java:49) ~[classes/:na]
	at com.athentication.oauth2.security.WebSecurityConfig.keycloakAuthenticationProvider(WebSecurityConfig.java:49) ~[classes/:na]
	at com.athentication.oauth2.security.WebSecurityConfig.keycloakAuthenticationProvider(WebSecurityConfig.java:49) ~[classes/:na]
	at com.athentication.oauth2.security.WebSecurityConfig.keycloakAuthenticationProvider(WebSecurityConfig.java:49) ~[classes/:na]

]]></system-out>
    <system-err><![CDATA[SLF4J: Class path contains multiple SLF4J bindings.
SLF4J: Found binding in [jar:file:/C:/Users/HOME/.m2/repository/ch/qos/logback/logback-classic/1.2.3/logback-classic-1.2.3.jar!/org/slf4j/impl/StaticLoggerBinder.class]
SLF4J: Found binding in [jar:file:/C:/Users/HOME/.m2/repository/org/slf4j/slf4j-log4j12/1.7.30/slf4j-log4j12-1.7.30.jar!/org/slf4j/impl/StaticLoggerBinder.class]
SLF4J: See http://www.slf4j.org/codes.html#multiple_bindings for an explanation.
SLF4J: Actual binding is of type [ch.qos.logback.classic.util.ContextSelectorStaticBinder]
]]></system-err>
  </testcase>
</testsuite>